#
# There is insufficient memory for the Java Runtime Environment to continue.
# Native memory allocation (malloc) failed to allocate 81936 bytes for Chunk::new
# Possible reasons:
#   The system is out of physical RAM or swap space
#   In 32 bit mode, the process size limit was hit
# Possible solutions:
#   Reduce memory load on the system
#   Increase physical memory or swap space
#   Check if swap backing store is full
#   Use 64 bit Java on a 64 bit OS
#   Decrease Java heap size (-Xmx/-Xms)
#   Decrease number of Java threads
#   Decrease Java thread stack sizes (-Xss)
#   Set larger code cache with -XX:ReservedCodeCacheSize=
# This output file may be truncated or incomplete.
#
#  Out of Memory Error (allocation.cpp:388), pid=2976, tid=3216
#
# JRE version: Java(TM) SE Runtime Environment (8.0-b132) (build 1.8.0-b132)
# Java VM: Java HotSpot(TM) 64-Bit Server VM (25.0-b70 mixed mode windows-amd64 compressed oops)
# Failed to write core dump. Minidumps are not enabled by default on client versions of Windows
#

---------------  T H R E A D  ---------------

Current thread (0x00000000150eb800):  JavaThread "C1 CompilerThread2" daemon [_thread_in_native, id=3216, stack(0x0000000016830000,0x0000000016930000)]

Stack: [0x0000000016830000,0x0000000016930000]
Native frames: (J=compiled Java code, j=interpreted, Vv=VM code, C=native code)
V  [jvm.dll+0x308e0a]


Current CompileTask:
C1:   7880  692   !   3       com.android.dx.cf.code.RopperMachine::run (1550 bytes)


---------------  P R O C E S S  ---------------

Java Threads: ( => current thread )
  0x0000000016c19000 JavaThread "pool-2-thread-4" [_thread_blocked, id=4408, stack(0x0000000017330000,0x0000000017430000)]
  0x0000000016c0f000 JavaThread "pool-2-thread-3" [_thread_blocked, id=2036, stack(0x0000000017230000,0x0000000017330000)]
  0x0000000016aa3000 JavaThread "pool-2-thread-2" [_thread_in_vm, id=4788, stack(0x0000000017130000,0x0000000017230000)]
  0x0000000016aa1000 JavaThread "pool-3-thread-1" [_thread_blocked, id=5168, stack(0x0000000017030000,0x0000000017130000)]
  0x0000000016aa6000 JavaThread "pool-2-thread-1" [_thread_in_vm, id=3880, stack(0x0000000016f30000,0x0000000017030000)]
  0x000000001694d800 JavaThread "Service Thread" daemon [_thread_blocked, id=5660, stack(0x0000000016d30000,0x0000000016e30000)]
=>0x00000000150eb800 JavaThread "C1 CompilerThread2" daemon [_thread_in_native, id=3216, stack(0x0000000016830000,0x0000000016930000)]
  0x00000000150e0800 JavaThread "C2 CompilerThread1" daemon [_thread_in_native, id=3764, stack(0x0000000016730000,0x0000000016830000)]
  0x00000000150dc800 JavaThread "C2 CompilerThread0" daemon [_thread_in_native, id=2368, stack(0x0000000016630000,0x0000000016730000)]
  0x00000000150d9800 JavaThread "Attach Listener" daemon [_thread_blocked, id=3324, stack(0x0000000016530000,0x0000000016630000)]
  0x00000000150d9000 JavaThread "Signal Dispatcher" daemon [_thread_blocked, id=2244, stack(0x0000000016430000,0x0000000016530000)]
  0x0000000002924000 JavaThread "Finalizer" daemon [_thread_blocked, id=5560, stack(0x0000000016330000,0x0000000016430000)]
  0x000000000291b000 JavaThread "Reference Handler" daemon [_thread_blocked, id=3276, stack(0x0000000016230000,0x0000000016330000)]
  0x0000000002830800 JavaThread "main" [_thread_in_vm, id=3724, stack(0x00000000026d0000,0x00000000027d0000)]

Other Threads:
  0x00000000150a6000 VMThread [stack: 0x0000000016130000,0x0000000016230000] [id=5824]
  0x0000000016960800 WatcherThread [stack: 0x0000000016e30000,0x0000000016f30000] [id=872]

VM state:not at safepoint (normal execution)

VM Mutex/Monitor currently owned by a thread:  ([mutex/lock_event])
[0x0000000002a0e0b0] MethodData_lock - owner thread: 0x0000000016aa3000

Heap:
 PSYoungGen      total 4608K, used 4464K [0x00000000eab00000, 0x00000000eb080000, 0x0000000100000000)
  eden space 3584K, 96% used [0x00000000eab00000,0x00000000eae64300,0x00000000eae80000)
  from space 1024K, 96% used [0x00000000eae80000,0x00000000eaf78018,0x00000000eaf80000)
  to   space 1024K, 0% used [0x00000000eaf80000,0x00000000eaf80000,0x00000000eb080000)
 ParOldGen       total 64000K, used 2857K [0x00000000c0000000, 0x00000000c3e80000, 0x00000000eab00000)
  object space 64000K, 4% used [0x00000000c0000000,0x00000000c02ca750,0x00000000c3e80000)
 Metaspace       used 5523K, capacity 6640K, committed 6784K, reserved 1056768K
  class space    used 585K, capacity 616K, committed 640K, reserved 1048576K

Card table byte_map: [0x0000000011dd0000,0x0000000011fe0000] byte_map_base: 0x00000000117d0000

Marking Bits: (ParMarkBitMap*) 0x000000005eec13b0
 Begin Bits: [0x0000000012540000, 0x0000000013540000)
 End Bits:   [0x0000000013540000, 0x0000000014540000)

Polling page: 0x0000000000e70000

CodeCache: size=245760Kb used=2611Kb max_used=2625Kb free=243148Kb
 bounds [0x0000000002a10000, 0x0000000002cb0000, 0x0000000011a10000]
 total_blobs=947 nmethods=683 adapters=178
 compilation: enabled

Compilation events (10 events):
Event: 7.667 Thread 0x00000000150e0800  701       4       com.android.dx.cf.code.LineNumberList::pcToLine (73 bytes)
Event: 7.672 Thread 0x00000000150dc800 nmethod 700% 0x0000000002c9ec10 code [0x0000000002c9ed80, 0x0000000002c9f0d8]
Event: 7.672 Thread 0x00000000150dc800  703       4       com.android.dx.rop.code.BasicBlockList::get (9 bytes)
Event: 7.673 Thread 0x00000000150dc800 nmethod 703 0x0000000002c9e850 code [0x0000000002c9e9a0, 0x0000000002c9ea78]
Event: 7.673 Thread 0x00000000150e0800 nmethod 701 0x0000000002ca0b10 code [0x0000000002ca0c60, 0x0000000002ca0eb8]
Event: 7.673 Thread 0x00000000150dc800  706       4       com.android.dx.ssa.NormalSsaInsn::getSources (8 bytes)
Event: 7.674 Thread 0x00000000150dc800 nmethod 706 0x0000000002ca1e10 code [0x0000000002ca1f40, 0x0000000002ca1fb8]
Event: 7.676 Thread 0x00000000150e0800  707       4       java.util.ArrayList::remove (69 bytes)
Event: 7.683 Thread 0x00000000150e0800 nmethod 707 0x0000000002ca0690 code [0x0000000002ca07e0, 0x0000000002ca0978]
Event: 7.686 Thread 0x00000000150dc800  712   !   4       com.android.dx.rop.code.RegisterSpec::intern (70 bytes)

GC Heap History (10 events):
Event: 6.609 GC heap before
{Heap before GC invocations=9 (full 0):
 PSYoungGen      total 2048K, used 1426K [0x00000000eab00000, 0x00000000eae00000, 0x0000000100000000)
  eden space 1024K, 100% used [0x00000000eab00000,0x00000000eac00000,0x00000000eac00000)
  from space 1024K, 39% used [0x00000000ead00000,0x00000000ead64b90,0x00000000eae00000)
  to   space 1024K, 0% used [0x00000000eac00000,0x00000000eac00000,0x00000000ead00000)
 ParOldGen       total 64000K, used 1071K [0x00000000c0000000, 0x00000000c3e80000, 0x00000000eab00000)
  object space 64000K, 1% used [0x00000000c0000000,0x00000000c010bf48,0x00000000c3e80000)
 Metaspace       used 3958K, capacity 5232K, committed 5376K, reserved 1056768K
  class space    used 448K, capacity 488K, committed 512K, reserved 1048576K
Event: 6.611 GC heap after
Heap after GC invocations=9 (full 0):
 PSYoungGen      total 2048K, used 594K [0x00000000eab00000, 0x00000000eaf00000, 0x0000000100000000)
  eden space 1024K, 0% used [0x00000000eab00000,0x00000000eab00000,0x00000000eac00000)
  from space 1024K, 58% used [0x00000000eac00000,0x00000000eac94b90,0x00000000ead00000)
  to   space 1024K, 0% used [0x00000000eae00000,0x00000000eae00000,0x00000000eaf00000)
 ParOldGen       total 64000K, used 1214K [0x00000000c0000000, 0x00000000c3e80000, 0x00000000eab00000)
  object space 64000K, 1% used [0x00000000c0000000,0x00000000c012f950,0x00000000c3e80000)
 Metaspace       used 3958K, capacity 5232K, committed 5376K, reserved 1056768K
  class space    used 448K, capacity 488K, committed 512K, reserved 1048576K
}
Event: 6.647 GC heap before
{Heap before GC invocations=10 (full 0):
 PSYoungGen      total 2048K, used 1618K [0x00000000eab00000, 0x00000000eaf00000, 0x0000000100000000)
  eden space 1024K, 100% used [0x00000000eab00000,0x00000000eac00000,0x00000000eac00000)
  from space 1024K, 58% used [0x00000000eac00000,0x00000000eac94b90,0x00000000ead00000)
  to   space 1024K, 0% used [0x00000000eae00000,0x00000000eae00000,0x00000000eaf00000)
 ParOldGen       total 64000K, used 1214K [0x00000000c0000000, 0x00000000c3e80000, 0x00000000eab00000)
  object space 64000K, 1% used [0x00000000c0000000,0x00000000c012f950,0x00000000c3e80000)
 Metaspace       used 4105K, capacity 5392K, committed 5760K, reserved 1056768K
  class space    used 461K, capacity 520K, committed 640K, reserved 1048576K
Event: 6.650 GC heap after
Heap after GC invocations=10 (full 0):
 PSYoungGen      total 3072K, used 731K [0x00000000eab00000, 0x00000000eaf00000, 0x0000000100000000)
  eden space 2048K, 0% used [0x00000000eab00000,0x00000000eab00000,0x00000000ead00000)
  from space 1024K, 71% used [0x00000000eae00000,0x00000000eaeb6e30,0x00000000eaf00000)
  to   space 1024K, 0% used [0x00000000ead00000,0x00000000ead00000,0x00000000eae00000)
 ParOldGen       total 64000K, used 1429K [0x00000000c0000000, 0x00000000c3e80000, 0x00000000eab00000)
  object space 64000K, 2% used [0x00000000c0000000,0x00000000c01655c0,0x00000000c3e80000)
 Metaspace       used 4105K, capacity 5392K, committed 5760K, reserved 1056768K
  class space    used 461K, capacity 520K, committed 640K, reserved 1048576K
}
Event: 6.992 GC heap before
{Heap before GC invocations=11 (full 0):
 PSYoungGen      total 3072K, used 2779K [0x00000000eab00000, 0x00000000eaf00000, 0x0000000100000000)
  eden space 2048K, 100% used [0x00000000eab00000,0x00000000ead00000,0x00000000ead00000)
  from space 1024K, 71% used [0x00000000eae00000,0x00000000eaeb6e30,0x00000000eaf00000)
  to   space 1024K, 0% used [0x00000000ead00000,0x00000000ead00000,0x00000000eae00000)
 ParOldGen       total 64000K, used 1429K [0x00000000c0000000, 0x00000000c3e80000, 0x00000000eab00000)
  object space 64000K, 2% used [0x00000000c0000000,0x00000000c01655c0,0x00000000c3e80000)
 Metaspace       used 4602K, capacity 5808K, committed 6016K, reserved 1056768K
  class space    used 504K, capacity 552K, committed 640K, reserved 1048576K
Event: 6.996 GC heap after
Heap after GC invocations=11 (full 0):
 PSYoungGen      total 3072K, used 852K [0x00000000eab00000, 0x00000000eb080000, 0x0000000100000000)
  eden space 2048K, 0% used [0x00000000eab00000,0x00000000eab00000,0x00000000ead00000)
  from space 1024K, 83% used [0x00000000ead00000,0x00000000eadd5358,0x00000000eae00000)
  to   space 1024K, 0% used [0x00000000eaf80000,0x00000000eaf80000,0x00000000eb080000)
 ParOldGen       total 64000K, used 1945K [0x00000000c0000000, 0x00000000c3e80000, 0x00000000eab00000)
  object space 64000K, 3% used [0x00000000c0000000,0x00000000c01e6490,0x00000000c3e80000)
 Metaspace       used 4602K, capacity 5808K, committed 6016K, reserved 1056768K
  class space    used 504K, capacity 552K, committed 640K, reserved 1048576K
}
Event: 7.460 GC heap before
{Heap before GC invocations=12 (full 0):
 PSYoungGen      total 3072K, used 2898K [0x00000000eab00000, 0x00000000eb080000, 0x0000000100000000)
  eden space 2048K, 99% used [0x00000000eab00000,0x00000000eacff6c8,0x00000000ead00000)
  from space 1024K, 83% used [0x00000000ead00000,0x00000000eadd5358,0x00000000eae00000)
  to   space 1024K, 0% used [0x00000000eaf80000,0x00000000eaf80000,0x00000000eb080000)
 ParOldGen       total 64000K, used 1945K [0x00000000c0000000, 0x00000000c3e80000, 0x00000000eab00000)
  object space 64000K, 3% used [0x00000000c0000000,0x00000000c01e6490,0x00000000c3e80000)
 Metaspace       used 5063K, capacity 6224K, committed 6528K, reserved 1056768K
  class space    used 558K, capacity 584K, committed 640K, reserved 1048576K
Event: 7.466 GC heap after
Heap after GC invocations=12 (full 0):
 PSYoungGen      total 4608K, used 579K [0x00000000eab00000, 0x00000000eb080000, 0x0000000100000000)
  eden space 3584K, 0% used [0x00000000eab00000,0x00000000eab00000,0x00000000eae80000)
  from space 1024K, 56% used [0x00000000eaf80000,0x00000000eb010fe0,0x00000000eb080000)
  to   space 1024K, 0% used [0x00000000eae80000,0x00000000eae80000,0x00000000eaf80000)
 ParOldGen       total 64000K, used 2311K [0x00000000c0000000, 0x00000000c3e80000, 0x00000000eab00000)
  object space 64000K, 3% used [0x00000000c0000000,0x00000000c0241d40,0x00000000c3e80000)
 Metaspace       used 5063K, capacity 6224K, committed 6528K, reserved 1056768K
  class space    used 558K, capacity 584K, committed 640K, reserved 1048576K
}
Event: 7.678 GC heap before
{Heap before GC invocations=13 (full 0):
 PSYoungGen      total 4608K, used 4163K [0x00000000eab00000, 0x00000000eb080000, 0x0000000100000000)
  eden space 3584K, 99% used [0x00000000eab00000,0x00000000eae7fff8,0x00000000eae80000)
  from space 1024K, 56% used [0x00000000eaf80000,0x00000000eb010fe0,0x00000000eb080000)
  to   space 1024K, 0% used [0x00000000eae80000,0x00000000eae80000,0x00000000eaf80000)
 ParOldGen       total 64000K, used 2311K [0x00000000c0000000, 0x00000000c3e80000, 0x00000000eab00000)
  object space 64000K, 3% used [0x00000000c0000000,0x00000000c0241d40,0x00000000c3e80000)
 Metaspace       used 5485K, capacity 6640K, committed 6784K, reserved 1056768K
  class space    used 584K, capacity 616K, committed 640K, reserved 1048576K
Event: 7.683 GC heap after
Heap after GC invocations=13 (full 0):
 PSYoungGen      total 4608K, used 992K [0x00000000eab00000, 0x00000000eb080000, 0x0000000100000000)
  eden space 3584K, 0% used [0x00000000eab00000,0x00000000eab00000,0x00000000eae80000)
  from space 1024K, 96% used [0x00000000eae80000,0x00000000eaf78018,0x00000000eaf80000)
  to   space 1024K, 0% used [0x00000000eaf80000,0x00000000eaf80000,0x00000000eb080000)
 ParOldGen       total 64000K, used 2857K [0x00000000c0000000, 0x00000000c3e80000, 0x00000000eab00000)
  object space 64000K, 4% used [0x00000000c0000000,0x00000000c02ca750,0x00000000c3e80000)
 Metaspace       used 5485K, capacity 6640K, committed 6784K, reserved 1056768K
  class space    used 584K, capacity 616K, committed 640K, reserved 1048576K
}

Deoptimization events (0 events):
No events

Internal exceptions (10 events):
Event: 7.564 Thread 0x0000000016aa6000 Exception <a 'java/security/PrivilegedActionException'> (0x00000000eabacbd0) thrown at [D:\re\workspace\8-2-build-windows-amd64-cygwin\jdk8\2238\hotspot\src\share\vm\prims\jvm.cpp, line 1248]
Event: 7.566 Thread 0x0000000016aa6000 Exception <a 'java/security/PrivilegedActionException'> (0x00000000eabebef0) thrown at [D:\re\workspace\8-2-build-windows-amd64-cygwin\jdk8\2238\hotspot\src\share\vm\prims\jvm.cpp, line 1248]
Event: 7.568 Thread 0x0000000016aa3000 Exception <a 'java/security/PrivilegedActionException'> (0x00000000eabf4740) thrown at [D:\re\workspace\8-2-build-windows-amd64-cygwin\jdk8\2238\hotspot\src\share\vm\prims\jvm.cpp, line 1248]
Event: 7.570 Thread 0x0000000016aa3000 Exception <a 'java/security/PrivilegedActionException'> (0x00000000eabfa1b8) thrown at [D:\re\workspace\8-2-build-windows-amd64-cygwin\jdk8\2238\hotspot\src\share\vm\prims\jvm.cpp, line 1248]
Event: 7.572 Thread 0x0000000016aa3000 Exception <a 'java/security/PrivilegedActionException'> (0x00000000eac02c40) thrown at [D:\re\workspace\8-2-build-windows-amd64-cygwin\jdk8\2238\hotspot\src\share\vm\prims\jvm.cpp, line 1248]
Event: 7.585 Thread 0x0000000016aa6000 Exception <a 'java/security/PrivilegedActionException'> (0x00000000eac0a118) thrown at [D:\re\workspace\8-2-build-windows-amd64-cygwin\jdk8\2238\hotspot\src\share\vm\prims\jvm.cpp, line 1248]
Event: 7.606 Thread 0x0000000016c19000 Exception <a 'java/security/PrivilegedActionException'> (0x00000000eac65d18) thrown at [D:\re\workspace\8-2-build-windows-amd64-cygwin\jdk8\2238\hotspot\src\share\vm\prims\jvm.cpp, line 1248]
Event: 7.612 Thread 0x0000000016c19000 Exception <a 'java/security/PrivilegedActionException'> (0x00000000eac6ed88) thrown at [D:\re\workspace\8-2-build-windows-amd64-cygwin\jdk8\2238\hotspot\src\share\vm\prims\jvm.cpp, line 1248]
Event: 7.614 Thread 0x0000000016c19000 Exception <a 'java/security/PrivilegedActionException'> (0x00000000eac8caf8) thrown at [D:\re\workspace\8-2-build-windows-amd64-cygwin\jdk8\2238\hotspot\src\share\vm\prims\jvm.cpp, line 1248]
Event: 7.627 Thread 0x0000000016aa6000 Exception <a 'java/security/PrivilegedActionException'> (0x00000000eacca220) thrown at [D:\re\workspace\8-2-build-windows-amd64-cygwin\jdk8\2238\hotspot\src\share\vm\prims\jvm.cpp, line 1248]

Events (10 events):
Event: 7.612 loading class com/android/dx/dex/file/UniformListItem done
Event: 7.614 loading class com/android/dx/dex/file/AnnotationSetRefItem
Event: 7.614 loading class com/android/dx/dex/file/AnnotationSetRefItem done
Event: 7.627 loading class com/android/dx/ssa/back/FirstFitLocalCombiningAllocator$Multiset
Event: 7.627 loading class com/android/dx/ssa/back/FirstFitLocalCombiningAllocator$Multiset done
Event: 7.630 loading class java/util/DualPivotQuicksort
Event: 7.662 loading class java/util/ArrayList$1
Event: 7.674 loading class java/util/DualPivotQuicksort done
Event: 7.677 Executing VM operation: ParallelGCFailedAllocation
Event: 7.683 Executing VM operation: ParallelGCFailedAllocation done


Dynamic libraries:
0x00007ff72a5d0000 - 0x00007ff72a604000 	C:\Program Files\Java\jdk1.8.0\bin\java.exe
0x00007ff876b30000 - 0x00007ff876cdd000 	C:\Windows\SYSTEM32\ntdll.dll
0x00007ff8760c0000 - 0x00007ff8761fe000 	C:\Windows\system32\KERNEL32.DLL
0x00007ff874020000 - 0x00007ff874135000 	C:\Windows\system32\KERNELBASE.dll
0x00007ff872820000 - 0x00007ff8728ae000 	C:\Windows\system32\apphelp.dll
0x00007ff865140000 - 0x00007ff865193000 	C:\Windows\AppPatch\AppPatch64\AcGenral.DLL
0x00007ff8741c0000 - 0x00007ff87426a000 	C:\Windows\system32\msvcrt.dll
0x00007ff874140000 - 0x00007ff87416e000 	C:\Windows\system32\SspiCli.dll
0x00007ff876750000 - 0x00007ff8767a4000 	C:\Windows\system32\SHLWAPI.dll
0x00007ff875de0000 - 0x00007ff875f57000 	C:\Windows\system32\USER32.dll
0x00007ff8742d0000 - 0x00007ff874464000 	C:\Windows\system32\ole32.dll
0x00007ff8748b0000 - 0x00007ff875dd9000 	C:\Windows\system32\SHELL32.dll
0x00007ff873220000 - 0x00007ff873241000 	C:\Windows\SYSTEM32\USERENV.dll
0x00007ff8769b0000 - 0x00007ff876a5a000 	C:\Windows\system32\ADVAPI32.dll
0x00007ff861ba0000 - 0x00007ff861bbe000 	C:\Windows\SYSTEM32\MPR.dll
0x00007ff8745c0000 - 0x00007ff874700000 	C:\Windows\system32\RPCRT4.dll
0x00007ff8765c0000 - 0x00007ff876619000 	C:\Windows\SYSTEM32\sechost.dll
0x00007ff8763a0000 - 0x00007ff8765b2000 	C:\Windows\SYSTEM32\combase.dll
0x00007ff874470000 - 0x00007ff8745bb000 	C:\Windows\system32\GDI32.dll
0x00007ff873c60000 - 0x00007ff873c75000 	C:\Windows\SYSTEM32\profapi.dll
0x00007ff872040000 - 0x00007ff8720f2000 	C:\Windows\SYSTEM32\SHCORE.dll
0x00007ff874290000 - 0x00007ff8742c6000 	C:\Windows\system32\IMM32.DLL
0x00007ff875f60000 - 0x00007ff8760b1000 	C:\Windows\system32\MSCTF.dll
0x00007ff8718d0000 - 0x00007ff871b4b000 	C:\Windows\WinSxS\amd64_microsoft.windows.common-controls_6595b64144ccf1df_6.0.9600.18006_none_623f33d3ecbe86e8\COMCTL32.dll
0x000000005ef40000 - 0x000000005f012000 	C:\Program Files\Java\jdk1.8.0\jre\bin\msvcr100.dll
0x000000005e710000 - 0x000000005ef3a000 	C:\Program Files\Java\jdk1.8.0\jre\bin\server\jvm.dll
0x00007ff86c0d0000 - 0x00007ff86c0d9000 	C:\Windows\SYSTEM32\WSOCK32.dll
0x00007ff8612f0000 - 0x00007ff861312000 	C:\Windows\SYSTEM32\WINMM.dll
0x00007ff8767b0000 - 0x00007ff8767b7000 	C:\Windows\system32\PSAPI.DLL
0x00007ff876330000 - 0x00007ff87638a000 	C:\Windows\system32\WS2_32.dll
0x00007ff85ffc0000 - 0x00007ff85ffea000 	C:\Windows\SYSTEM32\WINMMBASE.dll
0x00007ff876390000 - 0x00007ff876399000 	C:\Windows\system32\NSI.dll
0x00007ff874170000 - 0x00007ff8741bf000 	C:\Windows\SYSTEM32\cfgmgr32.dll
0x00007ff872a80000 - 0x00007ff872aa8000 	C:\Windows\SYSTEM32\DEVOBJ.dll
0x000000005e700000 - 0x000000005e70f000 	C:\Program Files\Java\jdk1.8.0\jre\bin\verify.dll
0x000000005e6d0000 - 0x000000005e6f8000 	C:\Program Files\Java\jdk1.8.0\jre\bin\java.dll
0x000000005e6b0000 - 0x000000005e6c6000 	C:\Program Files\Java\jdk1.8.0\jre\bin\zip.dll

VM Arguments:
jvm_args: -Djava.awt.headless=true -Xmx1024M -Dfile.encoding=windows-1252 -Duser.country=AU -Duser.language=en -Duser.variant 
java_command: com.android.dx.command.Main --dex --force-jumbo --num-threads=4 --multi-dex --output C:\Users\mani\AndroidStudioProjects\realtim\app\build\intermediates\transforms\dex\debug\folders\1000\5\slice_6 C:\Users\mani\AndroidStudioProjects\realtim\app\build\intermediates\transforms\instantRunSlicer\debug\folders\1\5\slice_6
java_class_path (initial): C:\Users\mani\AppData\Local\Android\sdk1\build-tools\25.0.0\lib\dx.jar
Launcher Type: SUN_STANDARD

Environment Variables:
PATH=C:\ProgramData\Oracle\Java\javapath;C:\Program Files\MySQL\MySQL Server 5.6\bin;C:\Program Files (x86)\Common Files\lenovo\easyplussdk\bin;C:\Windows\system32\config\systemprofile\.dnx\bin;C:\Program Files\Microsoft DNX\Dnvm\;C:\Program Files (x86)\Windows Kits\10\Windows Performance Toolkit\;C:\Program Files (x86)\Windows Kits\8.1\Windows Performance Toolkit\
USERNAME=mani
OS=Windows_NT
PROCESSOR_IDENTIFIER=Intel64 Family 6 Model 69 Stepping 1, GenuineIntel



---------------  S Y S T E M  ---------------

OS: Windows 8.1 , 64 bit Build 9600 

CPU:total 4 (2 cores per cpu, 2 threads per core) family 6 model 69 stepping 1, cmov, cx8, fxsr, mmx, sse, sse2, sse3, ssse3, sse4.1, sse4.2, popcnt, avx, avx2, aes, clmul, erms, ht, tsc, tscinvbit

Memory: 4k page, physical 4114584k(196976k free), swap 6369936k(5128k free)

vm_info: Java HotSpot(TM) 64-Bit Server VM (25.0-b70) for windows-amd64 JRE (1.8.0-b132), built on Mar  4 2014 03:46:18 by "java_re" with MS VC++ 10.0 (VS2010)

time: Tue Nov 07 18:58:32 2017
elapsed time: 7 seconds

