JvmtiExport can_access_local_variables 0
JvmtiExport can_hotswap_or_post_breakpoint 0
JvmtiExport can_post_on_exceptions 0
# 336 ciObject found
ciMethod java/lang/RuntimeException <init> (Ljava/lang/String;Ljava/lang/Throwable;)V 0 0 1 0 -1
ciMethod java/lang/NullPointerException <init> (Ljava/lang/String;)V 0 0 1 0 -1
ciMethod java/lang/Math max (II)I 225 1 3845 0 -1
ciMethod java/util/ArrayList ensureCapacityInternal (I)V 641 1 6915 0 -1
ciMethod java/util/ArrayList ensureExplicitCapacity (I)V 641 1 7218 0 -1
ciMethod java/util/ArrayList grow (I)V 89 1 1326 0 -1
ciMethod java/util/ArrayList add (Ljava/lang/Object;)Z 641 1 6789 0 -1
ciMethod java/lang/IllegalArgumentException <init> (Ljava/lang/String;)V 0 0 1 0 -1
ciMethodData java/lang/IllegalArgumentException <init> (Ljava/lang/String;)V 1 0 orig 144 104 11 203 94 0 0 0 0 8 125 137 20 0 0 0 0 192 0 0 0 0 0 0 0 0 0 0 0 0 0 0 0 0 0 0 0 0 0 0 0 0 0 0 0 0 0 0 0 0 0 0 0 0 0 0 0 0 0 0 0 0 0 0 0 0 0 0 0 0 0 0 0 0 0 0 0 0 0 0 0 0 0 0 0 0 0 0 0 0 0 0 0 0 0 0 0 0 0 0 0 1 0 0 0 1 0 0 0 0 0 0 0 0 0 0 0 0 0 0 0 0 0 1 0 16 0 0 0 255 255 255 255 0 0 0 0 2 0 2 0 0 0 0 0 data 2 0x20002 0x0 oops 0
ciMethodData java/util/ArrayList add (Ljava/lang/Object;)Z 2 6789 orig 144 104 11 203 94 0 0 0 0 208 253 129 20 0 0 0 0 240 0 0 0 0 0 0 0 0 0 0 0 0 0 0 0 0 0 0 0 0 0 0 0 0 0 0 0 0 0 0 0 0 0 0 0 0 0 0 0 0 0 0 0 0 0 0 0 0 0 0 0 0 0 0 0 0 0 0 0 0 0 0 0 0 0 0 0 0 0 0 0 0 0 0 0 0 0 0 0 80 0 0 0 169 209 0 0 1 0 0 0 0 0 0 0 0 0 0 0 0 0 15 0 4 0 1 0 64 0 0 0 255 255 255 255 0 0 0 0 2 0 7 0 0 0 0 0 data 8 0x70002 0x1a3c 0x1a0104 0x0 0x16c9e570 0xd 0x16c9e620 0x48 oops 2 4 java/util/concurrent/FutureTask 6 com/android/dx/dex/file/EncodedField
ciMethodData java/util/ArrayList ensureCapacityInternal (I)V 2 6915 orig 144 104 11 203 94 0 0 0 0 72 243 129 20 0 0 0 0 240 0 0 0 32 0 0 0 0 0 0 0 0 0 0 0 0 0 0 0 0 0 0 0 0 0 0 0 0 0 0 0 0 0 0 0 0 0 0 0 0 0 0 0 0 0 0 0 0 0 0 0 0 0 0 0 0 0 0 0 0 0 0 0 0 0 0 0 0 0 0 0 0 0 0 0 0 0 0 0 80 0 0 0 153 213 0 0 1 0 0 0 0 0 0 0 0 0 0 0 0 0 14 0 3 0 1 0 64 0 0 0 255 255 255 255 0 0 0 0 7 0 7 0 0 0 0 0 data 8 0x70007 0x15f8 0x30 0x4bc 0xd0002 0x4bc 0x130002 0x1ab4 oops 0
ciMethodData java/lang/Math max (II)I 2 3845 orig 144 104 11 203 94 0 0 0 0 56 245 127 20 0 0 0 0 232 0 0 0 0 0 0 0 0 0 0 0 0 0 0 0 0 0 0 0 0 0 0 0 0 0 0 0 0 0 0 0 0 0 0 0 0 0 0 0 0 0 0 0 0 0 0 0 0 0 0 0 0 0 0 0 0 0 0 0 0 0 0 0 0 0 0 0 0 0 0 0 0 0 0 0 0 0 0 0 28 0 0 0 73 119 0 0 1 0 0 0 0 0 0 0 0 0 0 0 0 0 6 0 3 0 1 0 56 0 0 0 255 255 255 255 0 0 0 0 7 0 2 0 0 0 0 0 data 7 0x20007 0x50d 0x38 0x9de 0x60003 0x9de 0x18 oops 0
ciMethodData java/util/ArrayList ensureExplicitCapacity (I)V 2 7218 orig 144 104 11 203 94 0 0 0 0 248 243 129 20 0 0 0 0 224 0 0 0 0 0 0 0 0 0 0 0 0 0 0 0 0 0 0 0 0 0 0 0 0 0 0 0 0 0 0 0 0 0 0 0 0 0 0 0 0 0 0 0 0 0 0 0 0 0 0 0 0 0 0 0 0 0 0 0 0 0 0 0 0 0 0 0 0 0 0 0 0 0 0 0 0 0 0 0 80 0 0 0 17 223 0 0 1 0 0 0 0 0 0 0 0 0 0 0 0 0 6 0 4 0 1 0 48 0 0 0 255 255 255 255 0 0 0 0 7 0 17 0 0 0 0 0 data 6 0x110007 0x16d3 0x30 0x522 0x160002 0x523 oops 0
ciMethodData java/util/ArrayList grow (I)V 2 1326 orig 144 104 11 203 94 0 0 0 0 192 244 129 20 0 0 0 0 16 1 0 0 64 0 0 0 0 0 0 0 0 0 0 0 0 0 0 0 0 0 0 0 0 0 0 0 0 0 0 0 0 0 0 0 0 0 0 0 0 0 0 0 0 0 0 0 0 0 0 0 0 0 0 0 0 0 0 0 0 0 0 0 0 0 0 0 0 0 0 0 0 0 0 0 0 0 0 0 11 0 0 0 25 41 0 0 1 0 0 0 0 0 0 0 0 0 0 0 0 0 15 0 3 0 1 0 96 0 0 0 255 255 255 255 0 0 0 0 7 0 15 0 0 0 0 0 data 12 0xf0007 0x5e 0x20 0x4c5 0x180007 0x524 0x30 0x0 0x1c0002 0x0 0x260002 0x524 oops 0
ciMethod java/lang/IndexOutOfBoundsException <init> (Ljava/lang/String;)V 0 0 1 0 -1
ciMethodData java/lang/NullPointerException <init> (Ljava/lang/String;)V 1 0 orig 144 104 11 203 94 0 0 0 0 200 65 125 20 0 0 0 0 192 0 0 0 0 0 0 0 0 0 0 0 0 0 0 0 0 0 0 0 0 0 0 0 0 0 0 0 0 0 0 0 0 0 0 0 0 0 0 0 0 0 0 0 0 0 0 0 0 0 0 0 0 0 0 0 0 0 0 0 0 0 0 0 0 0 0 0 0 0 0 0 0 0 0 0 0 0 0 0 0 0 0 0 1 0 0 0 1 0 0 0 0 0 0 0 0 0 0 0 0 0 0 0 0 0 1 0 16 0 0 0 255 255 255 255 0 0 0 0 2 0 2 0 0 0 0 0 data 2 0x20002 0x0 oops 0
ciMethodData java/lang/RuntimeException <init> (Ljava/lang/String;Ljava/lang/Throwable;)V 1 0 orig 144 104 11 203 94 0 0 0 0 248 214 117 20 0 0 0 0 200 0 0 0 0 0 0 0 0 0 0 0 0 0 0 0 0 0 0 0 0 0 0 0 0 0 0 0 0 0 0 0 0 0 0 0 0 0 0 0 0 0 0 0 0 0 0 0 0 0 0 0 0 0 0 0 0 0 0 0 0 0 0 0 0 0 0 0 0 0 0 0 0 0 0 0 0 0 0 0 0 0 0 0 1 0 0 0 1 0 0 0 0 0 0 0 0 0 0 0 0 0 0 0 0 0 1 0 16 0 0 0 255 255 255 255 0 0 0 0 2 0 3 0 0 0 0 0 data 2 0x30002 0x0 oops 0
ciMethod com/android/dx/rop/cst/CstType forBoxedPrimitiveType (Lcom/android/dx/rop/type/Type;)Lcom/android/dx/rop/cst/CstType; 0 0 1 0 -1
ciMethod com/android/dx/rop/cst/CstType intern (Lcom/android/dx/rop/type/Type;)Lcom/android/dx/rop/cst/CstType; 369 1 46 0 -1
ciMethod com/android/dx/rop/cst/CstType <init> (Lcom/android/dx/rop/type/Type;)V 433 1 519 0 -1
ciMethod com/android/dx/rop/cst/CstType getClassType ()Lcom/android/dx/rop/type/Type; 1025 1 128 0 -1
ciMethod com/android/dx/rop/type/TypeBearer getType ()Lcom/android/dx/rop/type/Type; 0 0 1 0 -1
ciMethod com/android/dx/rop/type/TypeBearer isConstant ()Z 0 0 1 0 -1
ciMethod com/android/dx/rop/type/TypeList size ()I 0 0 1 0 -1
ciMethod com/android/dx/rop/cst/CstInteger make (I)Lcom/android/dx/rop/cst/CstInteger; 65 1 90 0 -1
ciMethod com/android/dx/rop/cst/CstInteger getValue ()I 569 1 171 0 -1
ciMethod com/android/dx/rop/cst/CstLiteral32 getIntBits ()I 2329 1 152 0 -1
ciMethod com/android/dx/rop/cst/CstFieldRef forPrimitiveType (Lcom/android/dx/rop/type/Type;)Lcom/android/dx/rop/cst/CstFieldRef; 0 0 1 0 -1
ciMethod com/android/dx/rop/cst/CstFieldRef <init> (Lcom/android/dx/rop/cst/CstType;Lcom/android/dx/rop/cst/CstNat;)V 265 1 180 0 -1
ciMethod com/android/dx/rop/cst/CstMemberRef <init> (Lcom/android/dx/rop/cst/CstType;Lcom/android/dx/rop/cst/CstNat;)V 721 1 1939 0 -1
ciMethod com/android/dx/rop/cst/CstBaseMethodRef getPrototype ()Lcom/android/dx/rop/type/Prototype; 2449 1 306 0 -1
ciMethod com/android/dx/util/MutabilityControl throwIfImmutable ()V 2809 1 25383 0 -1
ciMethod com/android/dx/util/MutabilityException <init> (Ljava/lang/String;)V 0 0 1 0 -1
ciMethod com/android/dx/rop/type/Type getType ()Lcom/android/dx/rop/type/Type; 4097 1 1596 0 -1
ciMethod com/android/dx/rop/type/Type getCategory ()I 4097 1 1763 0 -1
ciMethod com/android/dx/rop/type/Type isPrimitive ()Z 0 0 1 0 -1
ciMethod com/android/dx/rop/type/Type getComponentType ()Lcom/android/dx/rop/type/Type; 1153 1 144 0 -1
ciMethod com/android/dx/rop/type/Prototype getReturnType ()Lcom/android/dx/rop/type/Type; 4729 1 395 0 -1
ciMethod com/android/dx/rop/type/Prototype getParameterFrameTypes ()Lcom/android/dx/rop/type/StdTypeList; 1673 865 209 0 -1
ciMethod com/android/dx/util/FixedSizeList <init> (I)V 3809 1 5763 0 -1
ciMethod com/android/dx/util/FixedSizeList size ()I 3657 1 7653 0 -1
ciMethod com/android/dx/util/FixedSizeList get0 (I)Ljava/lang/Object; 2073 1 5515 0 -1
ciMethod com/android/dx/util/FixedSizeList set0 (ILjava/lang/Object;)V 4097 1 10286 0 -1
ciMethod com/android/dx/util/FixedSizeList throwIndex (I)Ljava/lang/Object; 0 0 1 0 -1
ciMethod com/android/dx/cf/iface/Member getAccessFlags ()I 0 0 1 0 -1
ciMethod com/android/dx/cf/code/SimException <init> (Ljava/lang/String;)V 0 0 1 0 -1
ciMethod com/android/dx/cf/code/LineNumberList pcToLine (I)I 3441 32769 1071 0 -1
ciMethod com/android/dx/cf/attrib/AttCode getMaxStack ()I 1417 1 108 0 -1
ciMethodData com/android/dx/util/MutabilityControl throwIfImmutable ()V 2 25383 orig 144 104 11 203 94 0 0 0 0 136 116 184 20 0 0 0 0 216 0 0 0 0 0 0 0 0 0 0 0 0 0 0 0 0 0 0 0 0 0 0 0 0 0 0 0 0 0 0 0 0 0 0 0 0 0 0 0 0 0 0 0 0 0 0 0 0 0 0 0 0 0 0 0 0 0 0 0 0 0 0 0 0 0 0 0 0 0 0 0 0 0 0 0 0 0 0 0 95 1 0 0 65 14 3 0 1 0 0 0 0 0 0 0 0 0 0 0 0 0 5 0 4 0 1 0 48 0 0 0 255 255 255 255 0 0 0 0 7 0 4 0 0 0 0 0 data 6 0x40007 0x61cb 0x30 0x0 0xd0002 0x0 oops 0
ciMethodData com/android/dx/rop/cst/CstInteger make (I)Lcom/android/dx/rop/cst/CstInteger; 1 90 orig 144 104 11 203 94 0 0 0 0 64 239 183 20 0 0 0 0 88 1 0 0 80 0 0 0 0 0 0 0 0 0 0 0 0 0 0 0 0 0 0 0 0 0 0 0 0 0 0 0 0 0 0 0 0 0 0 0 0 0 0 0 0 0 0 0 25 0 0 0 0 0 0 0 0 0 0 0 0 0 0 0 0 0 0 0 0 0 0 0 0 0 0 0 0 0 0 0 8 0 0 0 145 2 0 0 1 0 0 0 0 0 0 0 0 0 0 0 0 0 0 0 0 0 1 0 176 0 0 0 255 255 255 255 0 0 0 0 7 0 17 0 0 0 0 0 data 22 0x110007 0x27 0x70 0x2b 0x150005 0x2b 0x0 0x0 0x0 0x0 0x190007 0x1 0x20 0x2a 0x230002 0x28 0x2c0004 0x0 0x1747b680 0x28 0x0 0x0 oops 1 18 com/android/dx/rop/cst/CstInteger
ciMethodData com/android/dx/rop/cst/CstType <init> (Lcom/android/dx/rop/type/Type;)V 1 519 orig 144 104 11 203 94 0 0 0 0 72 209 181 20 0 0 0 0 32 1 0 0 48 0 0 0 0 0 0 0 0 0 0 0 0 0 0 0 0 0 0 0 0 0 0 0 0 0 0 0 0 0 0 0 0 0 0 0 0 0 0 0 0 0 0 0 0 0 0 0 0 0 0 0 0 0 0 0 0 0 0 0 0 0 0 0 0 0 0 0 0 0 0 0 0 0 0 0 54 0 0 0 137 14 0 0 1 0 0 0 0 0 0 0 0 0 0 0 0 0 7 0 3 0 1 0 112 0 0 0 255 255 255 255 0 0 0 0 2 0 1 0 0 0 0 0 data 14 0x10002 0x1d1 0x50007 0x1d1 0x30 0x0 0xe0002 0x0 0x160007 0x1d1 0x30 0x0 0x1f0002 0x0 oops 0
ciMethodData com/android/dx/rop/cst/CstFieldRef <init> (Lcom/android/dx/rop/cst/CstType;Lcom/android/dx/rop/cst/CstNat;)V 1 180 orig 144 104 11 203 94 0 0 0 0 72 45 184 20 0 0 0 0 200 0 0 0 0 0 0 0 0 0 0 0 0 0 0 0 0 0 0 0 0 0 0 0 0 0 0 0 0 0 0 0 0 0 0 0 0 0 0 0 0 0 0 0 0 0 0 0 0 0 0 0 0 0 0 0 0 0 0 0 0 0 0 0 0 0 0 0 0 0 0 0 0 0 0 0 0 0 0 0 33 0 0 0 153 4 0 0 1 0 0 0 0 0 0 0 0 0 0 0 0 0 0 0 0 0 1 0 16 0 0 0 255 255 255 255 0 0 0 0 2 0 3 0 0 0 0 0 data 2 0x30002 0x93 oops 0
ciMethodData com/android/dx/rop/cst/CstMemberRef <init> (Lcom/android/dx/rop/cst/CstType;Lcom/android/dx/rop/cst/CstNat;)V 2 1939 orig 144 104 11 203 94 0 0 0 0 48 53 184 20 0 0 0 0 40 1 0 0 48 0 0 0 0 0 0 0 0 0 0 0 0 0 0 0 0 0 0 0 0 0 0 0 0 0 0 0 0 0 0 0 0 0 0 0 0 0 0 0 0 0 0 0 0 0 0 0 0 0 0 0 0 0 0 0 0 0 0 0 0 0 0 0 0 0 0 0 0 0 0 0 0 0 0 0 90 0 0 0 201 57 0 0 1 0 0 0 0 0 0 0 0 0 0 0 0 0 7 0 3 0 1 0 112 0 0 0 255 255 255 255 0 0 0 0 2 0 1 0 0 0 0 0 data 14 0x10002 0x739 0x50007 0x739 0x30 0x0 0xe0002 0x0 0x130007 0x739 0x30 0x0 0x1c0002 0x0 oops 0
ciMethodData com/android/dx/util/FixedSizeList set0 (ILjava/lang/Object;)V 2 10286 orig 144 104 11 203 94 0 0 0 0 48 43 185 20 0 0 0 0 64 1 0 0 0 0 0 0 0 0 0 0 0 0 0 0 0 0 0 0 0 0 0 0 0 0 0 0 0 0 0 0 0 0 0 0 0 0 0 0 0 0 0 0 0 0 0 0 0 0 0 0 0 0 0 0 0 0 0 0 0 0 0 0 0 0 0 0 0 0 0 0 0 0 0 0 0 0 0 0 0 2 0 0 113 49 1 0 1 0 0 0 0 0 0 0 0 0 0 0 0 0 11 0 4 0 1 0 136 0 0 0 255 255 255 255 0 0 0 0 5 0 1 0 0 0 0 0 data 17 0x10005 0x22e2 0x17532f60 0x1ee 0x17497ac0 0x163 0xa0004 0x0 0x1747b520 0x205 0x17497b70 0x85 0xb0003 0x2633 0x28 0x110002 0x0 oops 4 2 com/android/dx/cf/code/LineNumberList 4 com/android/dx/cf/iface/StdAttributeList 8 com/android/dx/rop/type/Type 10 com/android/dx/cf/iface/StdField
ciMethod com/android/dx/rop/code/TranslationAdvice hasConstantOperation (Lcom/android/dx/rop/code/Rop;Lcom/android/dx/rop/code/RegisterSpec;Lcom/android/dx/rop/code/RegisterSpec;)Z 0 0 1 0 -1
ciMethodData com/android/dx/util/FixedSizeList throwIndex (I)Ljava/lang/Object; 1 0 orig 144 104 11 203 94 0 0 0 0 16 44 185 20 0 0 0 0 240 0 0 0 32 0 0 0 0 0 0 0 0 0 0 0 0 0 0 0 0 0 0 0 0 0 0 0 0 0 0 0 0 0 0 0 0 0 0 0 0 0 0 0 0 0 0 0 0 0 0 0 0 0 0 0 0 0 0 0 0 0 0 0 0 0 0 0 0 0 0 0 0 0 0 0 0 0 0 0 0 0 0 0 1 0 0 0 1 0 0 0 0 0 0 0 0 0 0 0 0 0 0 0 0 0 1 0 64 0 0 0 255 255 255 255 0 0 0 0 7 0 1 0 0 0 0 0 data 8 0x10007 0x0 0x30 0x0 0xa0002 0x0 0x140002 0x0 oops 0
ciMethodData com/android/dx/util/FixedSizeList <init> (I)V 2 5763 orig 144 104 11 203 94 0 0 0 0 48 33 185 20 0 0 0 0 32 1 0 0 56 0 0 0 0 0 0 0 0 0 0 0 0 0 0 0 0 0 0 0 0 0 0 0 0 0 0 0 0 0 0 0 0 0 0 0 0 0 0 0 0 0 0 0 0 0 0 0 0 0 0 0 0 0 0 0 0 0 0 0 0 0 0 0 0 0 0 0 0 0 0 0 0 0 0 0 220 1 0 0 57 165 0 0 1 0 0 0 0 0 0 0 0 0 0 0 0 0 10 0 4 0 1 0 112 0 0 0 255 255 255 255 0 0 0 0 7 0 2 0 0 0 0 0 data 14 0x20007 0x575 0x38 0xf35 0x60003 0xf35 0x18 0xa0002 0x14aa 0x150003 0x14a7 0x28 0x1f0002 0x0 oops 0
ciMethod com/android/dx/cf/code/ConcreteMethod getAccessFlags ()I 4097 1 707 0 -1
ciMethod com/android/dx/cf/code/ConcreteMethod getMaxStack ()I 865 1 108 0 -1
ciMethod com/android/dx/cf/code/ConcreteMethod makeSourcePosistion (I)Lcom/android/dx/rop/code/SourcePosition; 4097 1 1072 0 -1
ciMethod com/android/dx/rop/code/DexTranslationAdvice hasConstantOperation (Lcom/android/dx/rop/code/Rop;Lcom/android/dx/rop/code/RegisterSpec;Lcom/android/dx/rop/code/RegisterSpec;)Z 553 1 69 0 -1
ciMethodData com/android/dx/util/FixedSizeList size ()I 2 7653 orig 144 104 11 203 94 0 0 0 0 224 38 185 20 0 0 0 0 168 0 0 0 0 0 0 0 0 0 0 0 0 0 0 0 0 0 0 0 0 0 0 0 0 0 0 0 0 0 0 0 0 0 0 0 0 0 0 0 0 0 0 0 0 0 0 0 0 0 0 0 0 0 0 0 0 0 0 0 0 0 0 0 0 0 0 0 0 0 0 0 0 0 0 0 0 0 0 0 201 1 0 0 225 224 0 0 1 0 0 0 0 0 0 0 0 0 0 0 0 0 3 0 3 0 0 0 0 0 0 0 255 255 255 255 0 0 0 0 0 0 0 0 0 0 0 0 data 0 oops 0
ciMethod com/android/dx/cf/code/Ropper getFirstTempStackReg ()I 729 1 91 0 -1
ciMethod com/android/dx/cf/code/Ropper isSynchronized ()Z 4097 1 708 0 -1
ciMethod com/android/dx/cf/code/Ropper getNormalRegCount ()I 729 1 91 0 -1
ciMethod com/android/dx/rop/code/Insn <init> (Lcom/android/dx/rop/code/Rop;Lcom/android/dx/rop/code/SourcePosition;Lcom/android/dx/rop/code/RegisterSpec;Lcom/android/dx/rop/code/RegisterSpecList;)V 4105 1 3794 0 -1
ciMethod com/android/dx/rop/code/Insn getResult ()Lcom/android/dx/rop/code/RegisterSpec; 5457 1 682 0 -1
ciMethod com/android/dx/rop/code/PlainInsn <init> (Lcom/android/dx/rop/code/Rop;Lcom/android/dx/rop/code/SourcePosition;Lcom/android/dx/rop/code/RegisterSpec;Lcom/android/dx/rop/code/RegisterSpecList;)V 4097 1 2138 0 -1
ciMethod com/android/dx/rop/code/PlainInsn <init> (Lcom/android/dx/rop/code/Rop;Lcom/android/dx/rop/code/SourcePosition;Lcom/android/dx/rop/code/RegisterSpec;Lcom/android/dx/rop/code/RegisterSpec;)V 2641 1 330 0 -1
ciMethod com/android/dx/rop/code/ThrowingInsn <init> (Lcom/android/dx/rop/code/Rop;Lcom/android/dx/rop/code/SourcePosition;Lcom/android/dx/rop/code/RegisterSpecList;Lcom/android/dx/rop/type/TypeList;)V 2209 1 276 0 -1
ciMethodData com/android/dx/util/FixedSizeList get0 (I)Ljava/lang/Object; 2 5515 orig 144 104 11 203 94 0 0 0 0 120 41 185 20 0 0 0 0 144 1 0 0 192 0 0 0 0 0 0 0 0 0 0 0 0 0 0 0 0 0 0 0 0 0 0 0 0 0 0 0 0 0 0 0 0 0 0 0 0 0 0 0 0 0 0 0 0 0 0 0 0 0 0 0 0 0 0 0 0 0 0 0 0 0 0 0 0 0 0 0 0 0 0 0 0 0 0 0 3 1 0 0 65 164 0 0 1 0 0 0 0 0 0 0 0 0 0 0 0 0 9 0 4 0 1 0 224 0 0 0 255 255 255 255 0 0 0 0 7 0 8 0 0 0 0 0 data 28 0x80007 0x148a 0xd0 0x0 0x130002 0x0 0x180005 0x0 0x0 0x0 0x0 0x0 0x1c0005 0x0 0x0 0x0 0x0 0x0 0x1f0005 0x0 0x0 0x0 0x0 0x0 0x220002 0x0 0x2b0002 0x0 oops 0
ciMethod com/android/dx/rop/code/PlainCstInsn <init> (Lcom/android/dx/rop/code/Rop;Lcom/android/dx/rop/code/SourcePosition;Lcom/android/dx/rop/code/RegisterSpec;Lcom/android/dx/rop/code/RegisterSpecList;Lcom/android/dx/rop/cst/Constant;)V 2073 1 259 0 -1
ciMethod com/android/dx/rop/code/CstInsn <init> (Lcom/android/dx/rop/code/Rop;Lcom/android/dx/rop/code/SourcePosition;Lcom/android/dx/rop/code/RegisterSpec;Lcom/android/dx/rop/code/RegisterSpecList;Lcom/android/dx/rop/cst/Constant;)V 4097 1 1327 0 -1
ciMethod com/android/dx/rop/code/ThrowingCstInsn <init> (Lcom/android/dx/rop/code/Rop;Lcom/android/dx/rop/code/SourcePosition;Lcom/android/dx/rop/code/RegisterSpecList;Lcom/android/dx/rop/type/TypeList;Lcom/android/dx/rop/cst/Constant;)V 4097 1 1027 0 -1
ciMethod com/android/dx/util/IntList size ()I 1505 1 188 0 -1
ciMethod com/android/dx/cf/code/RopperMachine run (Lcom/android/dx/cf/code/Frame;II)V 4097 1409 1056 0 -1
ciMethod com/android/dx/cf/code/RopperMachine getSources (II)Lcom/android/dx/rop/code/RegisterSpecList; 4097 3393 1052 0 -1
ciMethod com/android/dx/cf/code/RopperMachine updateReturnOp (Lcom/android/dx/rop/code/Rop;Lcom/android/dx/rop/code/SourcePosition;)V 409 1 51 0 -1
ciMethod com/android/dx/cf/code/RopperMachine jopToRopOpcode (ILcom/android/dx/rop/cst/Constant;)I 4097 145 976 0 -1
ciMethod com/android/dx/cf/code/ValueAwareMachine run (Lcom/android/dx/cf/code/Frame;II)V 4097 897 1055 0 -1
ciMethod com/android/dx/cf/code/BaseMachine arg (I)Lcom/android/dx/rop/type/TypeBearer; 4097 1 1683 0 -1
ciMethod com/android/dx/cf/code/BaseMachine getAuxInt ()I 2337 1 182 0 -1
ciMethod com/android/dx/cf/code/BaseMachine getAuxCst ()Lcom/android/dx/rop/cst/Constant; 2041 1 255 0 -1
ciMethod com/android/dx/cf/code/BaseMachine getAuxCases ()Lcom/android/dx/cf/code/SwitchList; 1361 1 170 0 -1
ciMethod com/android/dx/cf/code/BaseMachine getInitValues ()Ljava/util/ArrayList; 1361 1 170 0 -1
ciMethod com/android/dx/cf/code/BaseMachine getLocalTarget (Z)Lcom/android/dx/rop/code/RegisterSpec; 4105 1 1079 0 -1
ciMethod com/android/dx/cf/code/BaseMachine resultCount ()I 4097 1 1055 0 -1
ciMethod com/android/dx/cf/code/BaseMachine result (I)Lcom/android/dx/rop/type/TypeBearer; 4097 1 693 0 -1
ciMethod com/android/dx/rop/code/SwitchInsn <init> (Lcom/android/dx/rop/code/Rop;Lcom/android/dx/rop/code/SourcePosition;Lcom/android/dx/rop/code/RegisterSpec;Lcom/android/dx/rop/code/RegisterSpecList;Lcom/android/dx/util/IntList;)V 113 1 14 0 -1
ciMethod com/android/dx/rop/code/FillArrayDataInsn <init> (Lcom/android/dx/rop/code/Rop;Lcom/android/dx/rop/code/SourcePosition;Lcom/android/dx/rop/code/RegisterSpecList;Ljava/util/ArrayList;Lcom/android/dx/rop/cst/Constant;)V 0 0 1 0 -1
ciMethod com/android/dx/cf/code/Frame getStack ()Lcom/android/dx/cf/code/ExecutionStack; 3817 1 477 0 -1
ciMethod com/android/dx/cf/code/ExecutionStack size ()I 1593 1 199 0 -1
ciMethod com/android/dx/rop/code/SourcePosition <init> (Lcom/android/dx/rop/cst/CstString;II)V 4217 1 1074 0 -1
ciMethod com/android/dx/rop/code/RegisterSpec intern (ILcom/android/dx/rop/type/TypeBearer;Lcom/android/dx/rop/code/LocalItem;)Lcom/android/dx/rop/code/RegisterSpec; 4105 1 5238 0 -1
ciMethod com/android/dx/rop/code/RegisterSpec make (ILcom/android/dx/rop/type/TypeBearer;)Lcom/android/dx/rop/code/RegisterSpec; 4097 1 2130 0 -1
ciMethod com/android/dx/rop/code/RegisterSpec makeLocalOptional (ILcom/android/dx/rop/type/TypeBearer;Lcom/android/dx/rop/code/LocalItem;)Lcom/android/dx/rop/code/RegisterSpec; 4097 1 3182 0 -1
ciMethod com/android/dx/rop/code/RegisterSpec getType ()Lcom/android/dx/rop/type/Type; 4097 1 887 0 -1
ciMethod com/android/dx/rop/code/RegisterSpec getReg ()I 4905 1 613 0 -1
ciMethod com/android/dx/rop/code/RegisterSpec getTypeBearer ()Lcom/android/dx/rop/type/TypeBearer; 1361 1 170 0 -1
ciMethod com/android/dx/rop/code/RegisterSpec getNextReg ()I 4097 1 2054 0 -1
ciMethod com/android/dx/rop/code/RegisterSpec getCategory ()I 4097 1 6344 0 -1
ciMethod com/android/dx/rop/code/RegisterSpec withReg (I)Lcom/android/dx/rop/code/RegisterSpec; 4097 1 2670 0 -1
ciMethod com/android/dx/rop/code/Rops ropFor (ILcom/android/dx/rop/type/TypeBearer;Lcom/android/dx/rop/type/TypeList;Lcom/android/dx/rop/cst/Constant;)Lcom/android/dx/rop/code/Rop; 4097 1 977 0 -1
ciMethod com/android/dx/rop/code/Rops opMove (Lcom/android/dx/rop/type/TypeBearer;)Lcom/android/dx/rop/code/Rop; 4097 1 614 0 -1
ciMethod com/android/dx/rop/code/Rops opMoveResult (Lcom/android/dx/rop/type/TypeBearer;)Lcom/android/dx/rop/code/Rop; 1057 1 132 0 -1
ciMethod com/android/dx/rop/code/Rops opMoveResultPseudo (Lcom/android/dx/rop/type/TypeBearer;)Lcom/android/dx/rop/code/Rop; 1577 1 197 0 -1
ciMethod com/android/dx/rop/code/Rops opFilledNewArray (Lcom/android/dx/rop/type/TypeBearer;I)Lcom/android/dx/rop/code/Rop; 0 0 1 0 -1
ciMethod com/android/dx/rop/code/Rops opInvokeStatic (Lcom/android/dx/rop/type/Prototype;)Lcom/android/dx/rop/code/Rop; 185 1 23 0 -1
ciMethod com/android/dx/rop/code/Rop <init> (ILcom/android/dx/rop/type/Type;Lcom/android/dx/rop/type/TypeList;Lcom/android/dx/rop/type/TypeList;IZLjava/lang/String;)V 4097 1 763 0 -1
ciMethod com/android/dx/rop/code/Rop <init> (ILcom/android/dx/rop/type/Type;Lcom/android/dx/rop/type/TypeList;Ljava/lang/String;)V 3425 1 428 0 -1
ciMethod com/android/dx/rop/code/Rop <init> (ILcom/android/dx/rop/type/TypeList;Lcom/android/dx/rop/type/TypeList;)V 1673 1 209 0 -1
ciMethod com/android/dx/rop/code/Rop getOpcode ()I 4065 1 508 0 -1
ciMethod com/android/dx/rop/code/Rop getResult ()Lcom/android/dx/rop/type/Type; 297 1 21 0 -1
ciMethod com/android/dx/rop/code/Rop getBranchingness ()I 1785 1 223 0 -1
ciMethod com/android/dx/rop/code/Rop isCallLike ()Z 1073 1 134 0 -1
ciMethod com/android/dx/rop/code/Rop canThrow ()Z 4097 1 1741 0 -1
ciMethod com/android/dx/rop/code/RegisterSpecList make (Lcom/android/dx/rop/code/RegisterSpec;)Lcom/android/dx/rop/code/RegisterSpecList; 2713 1 339 0 -1
ciMethod com/android/dx/rop/code/RegisterSpecList make (Lcom/android/dx/rop/code/RegisterSpec;Lcom/android/dx/rop/code/RegisterSpec;)Lcom/android/dx/rop/code/RegisterSpecList; 0 0 1 0 -1
ciMethod com/android/dx/rop/code/RegisterSpecList <init> (I)V 4097 1 4084 0 -1
ciMethod com/android/dx/rop/code/RegisterSpecList get (I)Lcom/android/dx/rop/code/RegisterSpec; 4097 1 6128 0 -1
ciMethod com/android/dx/rop/code/RegisterSpecList set (ILcom/android/dx/rop/code/RegisterSpec;)V 4097 1 3526 0 -1
ciMethod com/android/dx/rop/code/RegisterSpecList withoutFirst ()Lcom/android/dx/rop/code/RegisterSpecList; 0 0 1 0 -1
ciMethod com/android/dx/rop/code/RegisterSpecList withoutLast ()Lcom/android/dx/rop/code/RegisterSpecList; 9 9 1 0 -1
ciMethodData com/android/dx/rop/type/Type getType ()Lcom/android/dx/rop/type/Type; 2 1596 orig 144 104 11 203 94 0 0 0 0 72 172 184 20 0 0 0 0 168 0 0 0 0 0 0 0 0 0 0 0 0 0 0 0 0 0 0 0 0 0 0 0 0 0 0 0 0 0 0 0 0 0 0 0 0 0 0 0 0 0 0 0 0 0 0 0 0 0 0 0 0 0 0 0 0 0 0 0 0 0 0 0 0 0 0 0 0 0 0 0 0 0 0 0 0 0 0 0 0 2 0 0 225 33 0 0 1 0 0 0 0 0 0 0 0 0 0 0 0 0 3 0 3 0 0 0 0 0 0 0 255 255 255 255 0 0 0 0 0 0 0 0 0 0 0 0 data 0 oops 0
ciMethodData com/android/dx/rop/type/Type getCategory ()I 2 1763 orig 144 104 11 203 94 0 0 0 0 248 177 184 20 0 0 0 0 232 0 0 0 0 0 0 0 0 0 0 0 0 0 0 0 0 0 0 0 0 0 0 0 0 0 0 0 0 0 0 0 0 0 0 0 0 0 0 0 0 0 0 0 0 0 0 0 0 0 0 0 0 0 0 0 0 0 0 0 0 0 0 0 0 0 0 0 0 0 0 0 0 0 0 0 0 0 0 0 0 2 0 0 25 39 0 0 1 0 0 0 0 0 0 0 0 0 0 0 0 0 6 0 4 0 0 0 64 0 0 0 255 255 255 255 0 0 0 0 8 0 4 0 0 0 0 0 data 8 0x40008 0x6 0x2b0 0x40 0x0 0x40 0x0 0x40 oops 0
ciMethodData com/android/dx/rop/code/RegisterSpec intern (ILcom/android/dx/rop/type/TypeBearer;Lcom/android/dx/rop/code/LocalItem;)Lcom/android/dx/rop/code/RegisterSpec; 2 5238 orig 144 104 11 203 94 0 0 0 0 40 230 193 20 0 0 0 0 200 1 0 0 144 0 0 0 0 0 0 0 0 0 0 0 0 0 0 0 0 0 0 0 0 0 0 0 0 0 0 0 0 0 0 0 0 0 0 0 0 0 0 0 0 0 0 0 0 0 0 0 0 0 0 0 0 0 0 0 0 0 0 0 0 0 0 0 0 0 0 0 0 0 0 0 0 0 0 0 0 2 0 0 169 147 0 0 1 0 0 0 0 0 0 0 0 0 0 0 0 0 21 0 3 0 1 0 16 1 0 0 255 255 255 255 0 0 0 0 5 0 12 0 0 0 0 0 data 34 0xc0005 0x0 0x16c99440 0x1290 0x0 0x0 0x150005 0x0 0x16c994f0 0x1290 0x0 0x0 0x180104 0x0 0x1747b470 0x101f 0x0 0x0 0x1f0007 0x271 0x20 0x101f 0x2a0005 0x0 0x16c99440 0x271 0x0 0x0 0x360005 0x0 0x16c994f0 0x271 0x0 0x0 oops 5 2 com/android/dx/rop/code/RegisterSpec$ForComparison 8 java/util/HashMap 14 com/android/dx/rop/code/RegisterSpec 24 com/android/dx/rop/code/RegisterSpec$ForComparison 30 java/util/HashMap
ciMethodData com/android/dx/rop/code/RegisterSpec getCategory ()I 2 6346 orig 144 104 11 203 94 0 0 0 0 40 249 193 20 0 0 0 0 8 1 0 0 0 0 0 0 0 0 0 0 0 0 0 0 0 0 0 0 0 0 0 0 0 0 0 0 0 0 0 0 0 0 0 0 0 0 0 0 0 0 0 0 0 0 0 0 0 0 0 0 0 0 0 0 0 0 0 0 0 0 0 0 0 0 0 0 0 0 0 0 0 0 0 0 0 0 0 0 0 2 0 0 73 182 0 0 1 0 0 0 0 0 0 0 0 0 0 0 0 0 3 0 3 0 1 0 96 0 0 0 255 255 255 255 0 0 0 0 5 0 4 0 0 0 0 0 data 12 0x40005 0x261 0x1747b520 0x11a8 0x1747b680 0x2d5 0x90005 0x1b4 0x1747b520 0x1526 0x0 0x0 oops 3 2 com/android/dx/rop/type/Type 4 com/android/dx/rop/cst/CstInteger 8 com/android/dx/rop/type/Type
ciMethodData com/android/dx/rop/code/RegisterSpec getNextReg ()I 2 2054 orig 144 104 11 203 94 0 0 0 0 128 248 193 20 0 0 0 0 216 0 0 0 0 0 0 0 0 0 0 0 0 0 0 0 0 0 0 0 0 0 0 0 0 0 0 0 0 0 0 0 0 0 0 0 0 0 0 0 0 0 0 0 0 0 0 0 0 0 0 0 0 0 0 0 0 0 0 0 0 0 0 0 0 0 0 0 0 0 0 0 0 0 0 0 0 0 0 0 0 2 0 0 49 48 0 0 1 0 0 0 0 0 0 0 0 0 0 0 0 0 3 0 3 0 1 0 48 0 0 0 255 255 255 255 0 0 0 0 5 0 5 0 0 0 0 0 data 6 0x50005 0x14d 0x1747b470 0x4b9 0x0 0x0 oops 1 2 com/android/dx/rop/code/RegisterSpec
ciMethodData com/android/dx/rop/code/RegisterSpecList get (I)Lcom/android/dx/rop/code/RegisterSpec; 2 6128 orig 144 104 11 203 94 0 0 0 0 96 16 195 20 0 0 0 0 16 1 0 0 0 0 0 0 0 0 0 0 0 0 0 0 0 0 0 0 0 0 0 0 0 0 0 0 0 0 0 0 0 0 0 0 0 0 0 0 0 0 0 0 0 0 0 0 0 0 0 0 0 0 0 0 0 0 0 0 0 0 0 0 0 0 0 0 0 0 0 0 0 0 0 0 0 0 0 0 0 2 0 0 129 175 0 0 1 0 0 0 0 0 0 0 0 0 0 0 0 0 3 0 3 0 1 0 96 0 0 0 255 255 255 255 0 0 0 0 5 0 2 0 0 0 0 0 data 12 0x20005 0x17c 0x1752f3b0 0x1473 0x0 0x0 0x50004 0x0 0x1747b470 0x15ef 0x0 0x0 oops 2 2 com/android/dx/rop/code/RegisterSpecList 8 com/android/dx/rop/code/RegisterSpec
ciMethodData com/android/dx/rop/code/RegisterSpec make (ILcom/android/dx/rop/type/TypeBearer;)Lcom/android/dx/rop/code/RegisterSpec; 2 2130 orig 144 104 11 203 94 0 0 0 0 0 231 193 20 0 0 0 0 192 0 0 0 0 0 0 0 0 0 0 0 0 0 0 0 0 0 0 0 0 0 0 0 0 0 0 0 0 0 0 0 0 0 0 0 0 0 0 0 0 0 0 0 0 0 0 0 0 0 0 0 0 0 0 0 0 0 0 0 0 0 0 0 0 0 0 0 0 0 0 0 0 0 0 0 0 0 0 0 0 2 0 0 145 50 0 0 1 0 0 0 0 0 0 0 0 0 0 0 0 0 3 0 3 0 1 0 16 0 0 0 255 255 255 255 0 0 0 0 2 0 3 0 0 0 0 0 data 2 0x30002 0x651 oops 0
ciMethodData com/android/dx/rop/code/Insn <init> (Lcom/android/dx/rop/code/Rop;Lcom/android/dx/rop/code/SourcePosition;Lcom/android/dx/rop/code/RegisterSpec;Lcom/android/dx/rop/code/RegisterSpecList;)V 2 3794 orig 144 104 11 203 94 0 0 0 0 120 133 190 20 0 0 0 0 104 1 0 0 96 0 0 0 0 0 0 0 0 0 0 0 0 0 0 0 0 0 0 0 0 0 0 0 0 0 0 0 0 0 0 0 0 0 0 0 0 0 0 0 0 0 0 0 0 0 0 0 0 0 0 0 0 0 0 0 0 0 0 0 0 0 0 0 0 0 0 0 0 0 0 0 0 0 0 0 0 2 0 0 137 102 0 0 1 0 0 0 0 0 0 0 0 0 0 0 0 0 9 0 3 0 1 0 160 0 0 0 255 255 255 255 0 0 0 0 2 0 1 0 0 0 0 0 data 20 0x10002 0xcd2 0x50007 0xcd2 0x30 0x0 0xe0002 0x0 0x130007 0xcd1 0x30 0x0 0x1c0002 0x0 0x220007 0xcd4 0x30 0x0 0x2b0002 0x0 oops 0
ciMethodData com/android/dx/rop/code/RegisterSpecList set (ILcom/android/dx/rop/code/RegisterSpec;)V 2 3526 orig 144 104 11 203 94 0 0 0 0 80 19 195 20 0 0 0 0 232 0 0 0 0 0 0 0 0 0 0 0 0 0 0 0 0 0 0 0 0 0 0 0 0 0 0 0 0 0 0 0 0 0 0 0 0 0 0 0 0 0 0 0 0 0 0 0 0 0 0 0 0 0 0 0 0 0 0 0 0 0 0 0 0 0 0 0 0 0 0 0 0 0 0 0 0 0 0 0 0 2 0 0 49 94 0 0 1 0 0 0 0 0 0 0 0 0 0 0 0 0 12 0 3 0 1 0 48 0 0 0 255 255 255 255 0 0 0 0 5 0 3 0 0 0 0 0 data 6 0x30005 0xb2 0x1752f3b0 0xb14 0x0 0x0 oops 1 2 com/android/dx/rop/code/RegisterSpecList
ciMethodData com/android/dx/rop/code/RegisterSpecList <init> (I)V 2 4084 orig 144 104 11 203 94 0 0 0 0 64 13 195 20 0 0 0 0 192 0 0 0 0 0 0 0 0 0 0 0 0 0 0 0 0 0 0 0 0 0 0 0 0 0 0 0 0 0 0 0 0 0 0 0 0 0 0 0 0 0 0 0 0 0 0 0 0 0 0 0 0 0 0 0 0 0 0 0 0 0 0 0 0 0 0 0 0 0 0 0 0 0 0 0 0 0 0 0 0 2 0 0 161 111 0 0 1 0 0 0 0 0 0 0 0 0 0 0 0 0 3 0 3 0 1 0 16 0 0 0 255 255 255 255 0 0 0 0 2 0 2 0 0 0 0 0 data 2 0x20002 0xdf8 oops 0
ciMethodData com/android/dx/rop/code/RegisterSpec makeLocalOptional (ILcom/android/dx/rop/type/TypeBearer;Lcom/android/dx/rop/code/LocalItem;)Lcom/android/dx/rop/code/RegisterSpec; 2 3182 orig 144 104 11 203 94 0 0 0 0 168 232 193 20 0 0 0 0 200 0 0 0 0 0 0 0 0 0 0 0 0 0 0 0 0 0 0 0 0 0 0 0 0 0 0 0 0 0 0 0 0 0 0 0 0 0 0 0 0 0 0 0 0 0 0 0 0 0 0 0 0 0 0 0 0 0 0 0 0 0 0 0 0 0 0 0 0 0 0 0 0 0 0 0 0 0 0 0 0 2 0 0 113 83 0 0 1 0 0 0 0 0 0 0 0 0 0 0 0 0 3 0 3 0 1 0 16 0 0 0 255 255 255 255 0 0 0 0 2 0 3 0 0 0 0 0 data 2 0x30002 0xa6d oops 0
ciMethodData com/android/dx/rop/code/RegisterSpec withReg (I)Lcom/android/dx/rop/code/RegisterSpec; 2 2670 orig 144 104 11 203 94 0 0 0 0 200 253 193 20 0 0 0 0 224 0 0 0 0 0 0 0 0 0 0 0 0 0 0 0 0 0 0 0 0 0 0 0 0 0 0 0 0 0 0 0 0 0 0 0 0 0 0 0 0 0 0 0 0 0 0 0 0 0 0 0 0 0 0 0 0 0 0 0 0 0 0 0 0 0 0 0 0 0 0 0 0 0 0 0 0 0 0 0 0 2 0 0 113 67 0 0 1 0 0 0 0 0 0 0 0 0 0 0 0 0 5 0 3 0 1 0 48 0 0 0 255 255 255 255 0 0 0 0 7 0 5 0 0 0 0 0 data 6 0x50007 0x862 0x20 0xc 0x130002 0x862 oops 0
ciMethodData com/android/dx/rop/code/PlainInsn <init> (Lcom/android/dx/rop/code/Rop;Lcom/android/dx/rop/code/SourcePosition;Lcom/android/dx/rop/code/RegisterSpec;Lcom/android/dx/rop/code/RegisterSpecList;)V 2 2138 orig 144 104 11 203 94 0 0 0 0 56 158 190 20 0 0 0 0 216 1 0 0 128 0 0 0 0 0 0 0 0 0 0 0 0 0 0 0 0 0 0 0 0 0 0 0 0 0 0 0 0 0 0 0 0 0 0 0 0 0 0 0 0 0 0 0 0 0 0 0 0 0 0 0 0 0 0 0 0 0 0 0 0 0 0 0 0 0 0 0 0 0 0 0 0 0 0 0 0 2 0 0 209 50 0 0 1 0 0 0 0 0 0 0 0 0 0 0 0 0 11 0 3 0 1 0 16 1 0 0 255 255 255 255 0 0 0 0 2 0 6 0 0 0 0 0 data 34 0x60002 0x65b 0xa0005 0xaa 0x16c9b9f0 0x5b0 0x0 0x0 0xd0008 0x6 0xab 0x50 0x0 0x40 0x0 0x40 0x2e0002 0x0 0x330007 0x23b 0x80 0x420 0x370005 0x51 0x16c9b9f0 0x3cf 0x0 0x0 0x3b0007 0x420 0x30 0x0 0x440002 0x0 oops 2 4 com/android/dx/rop/code/Rop 24 com/android/dx/rop/code/Rop
ciMethod com/android/dx/cf/code/SwitchList size ()I 161 1 8 0 -1
ciMethod com/android/dx/cf/code/SwitchList getValues ()Lcom/android/dx/util/IntList; 81 1 4 0 -1
ciMethodData com/android/dx/rop/code/Rop canThrow ()Z 2 1741 orig 144 104 11 203 94 0 0 0 0 24 243 194 20 0 0 0 0 16 1 0 0 0 0 0 0 0 0 0 0 0 0 0 0 0 0 0 0 0 0 0 0 0 0 0 0 0 0 0 0 0 0 0 0 0 0 0 0 0 0 0 0 0 0 0 0 0 0 0 0 0 0 0 0 0 0 0 0 0 0 0 0 0 0 0 0 0 0 0 0 0 0 0 0 0 0 0 0 0 2 0 0 105 38 0 0 1 0 0 0 0 0 0 0 0 0 0 0 0 0 6 0 3 0 1 0 104 0 0 0 255 255 255 255 0 0 0 0 5 0 4 0 0 0 0 0 data 13 0x40005 0x0 0x1747b7e0 0x4cc 0x0 0x0 0x90007 0x291 0x38 0x23c 0xd0003 0x23c 0x18 oops 1 2 com/android/dx/rop/type/StdTypeList
ciMethodData com/android/dx/cf/code/BaseMachine arg (I)Lcom/android/dx/rop/type/TypeBearer; 2 1683 orig 144 104 11 203 94 0 0 0 0 104 129 192 20 0 0 0 0 240 0 0 0 32 0 0 0 0 0 0 0 0 0 0 0 0 0 0 0 0 0 0 0 0 0 0 0 0 0 0 0 0 0 0 0 0 0 0 0 0 0 0 0 0 0 0 0 0 0 0 0 0 0 0 0 0 0 0 0 0 0 0 0 0 0 0 0 0 0 0 0 0 0 0 0 0 0 0 0 0 2 0 0 153 36 0 0 1 0 0 0 0 0 0 0 0 0 0 0 0 0 7 0 3 0 1 0 64 0 0 0 255 255 255 255 0 0 0 0 7 0 5 0 0 0 0 0 data 8 0x50007 0x493 0x30 0x0 0xe0002 0x0 0x200002 0x0 oops 0
ciMethodData com/android/dx/rop/cst/CstInteger getValue ()I 1 171 orig 144 104 11 203 94 0 0 0 0 104 243 183 20 0 0 0 0 216 0 0 0 0 0 0 0 0 0 0 0 0 0 0 0 0 0 0 0 0 0 0 0 0 0 0 0 0 0 0 0 0 0 0 0 0 0 0 0 0 0 0 0 0 0 0 0 0 0 0 0 0 0 0 0 0 0 0 0 0 0 0 0 0 0 0 0 0 0 0 0 0 0 0 0 0 0 0 0 71 0 0 0 33 3 0 0 1 0 0 0 0 0 0 0 0 0 0 0 0 0 0 0 0 0 1 0 48 0 0 0 255 255 255 255 0 0 0 0 5 0 1 0 0 0 0 0 data 6 0x10005 0x50 0x1747b680 0x14 0x0 0x0 oops 1 2 com/android/dx/rop/cst/CstInteger
ciMethodData com/android/dx/rop/code/CstInsn <init> (Lcom/android/dx/rop/code/Rop;Lcom/android/dx/rop/code/SourcePosition;Lcom/android/dx/rop/code/RegisterSpec;Lcom/android/dx/rop/code/RegisterSpecList;Lcom/android/dx/rop/cst/Constant;)V 1 1327 orig 144 104 11 203 94 0 0 0 0 248 204 190 20 0 0 0 0 16 1 0 0 0 0 0 0 0 0 0 0 0 0 0 0 0 0 0 0 0 0 0 0 0 0 0 0 0 0 0 0 0 0 0 0 0 0 0 0 0 0 0 0 0 0 0 0 0 0 0 0 0 0 0 0 0 0 0 0 0 0 0 0 0 0 0 0 0 0 0 0 0 0 0 0 0 0 0 0 0 2 0 0 121 25 0 0 1 0 0 0 0 0 0 0 0 0 0 0 0 0 5 0 3 0 1 0 64 0 0 0 255 255 255 255 0 0 0 0 2 0 6 0 0 0 0 0 data 8 0x60002 0x330 0xb0007 0x330 0x30 0x0 0x140002 0x0 oops 0
ciMethodData com/android/dx/cf/code/LineNumberList pcToLine (I)I 2 26398 orig 144 104 11 203 94 0 0 0 0 152 116 186 20 0 0 0 0 32 2 0 0 0 0 0 0 0 0 0 0 0 0 0 0 0 0 0 0 0 0 0 0 0 0 0 0 0 0 0 0 0 0 0 0 0 0 0 0 0 0 0 0 0 0 0 0 0 0 0 0 0 0 0 0 0 0 0 0 0 0 0 0 0 0 0 0 0 0 0 0 0 0 0 0 0 0 0 0 0 16 0 0 9 20 0 0 241 184 2 0 0 0 0 0 0 0 0 0 1 0 14 0 3 0 1 0 112 1 0 0 255 255 255 255 0 0 0 0 5 0 1 0 0 0 0 0 data 46 0x10005 0xef 0x17532f60 0x193 0x0 0x0 0x100007 0x23b 0x140 0x5761 0x160005 0x1b20 0x17532f60 0x3c45 0x0 0x0 0x1d0005 0x0 0x17533470 0x5764 0x0 0x0 0x250007 0x2f1d 0xa8 0x2847 0x2b0007 0x0 0x88 0x2847 0x330005 0x0 0x17533470 0x2848 0x0 0x0 0x3a0007 0x27ff 0x38 0x48 0x3d0003 0x48 0x30 0x430003 0x571a 0xfffffffffffffed8 oops 4 2 com/android/dx/cf/code/LineNumberList 12 com/android/dx/cf/code/LineNumberList 18 com/android/dx/cf/code/LineNumberList$Item 32 com/android/dx/cf/code/LineNumberList$Item
ciMethodData com/android/dx/rop/code/ThrowingCstInsn <init> (Lcom/android/dx/rop/code/Rop;Lcom/android/dx/rop/code/SourcePosition;Lcom/android/dx/rop/code/RegisterSpecList;Lcom/android/dx/rop/type/TypeList;Lcom/android/dx/rop/cst/Constant;)V 1 1027 orig 144 104 11 203 94 0 0 0 0 0 215 190 20 0 0 0 0 112 1 0 0 96 0 0 0 0 0 0 0 0 0 0 0 0 0 0 0 0 0 0 0 0 0 0 0 0 0 0 0 0 0 0 0 0 0 0 0 0 0 0 0 0 0 0 0 0 0 0 0 0 0 0 0 0 0 0 0 0 0 0 0 0 0 0 0 0 0 0 0 0 0 0 0 0 0 0 0 0 2 0 0 25 16 0 0 1 0 0 0 0 0 0 0 0 0 0 0 0 0 10 0 3 0 1 0 160 0 0 0 255 255 255 255 0 0 0 0 2 0 7 0 0 0 0 0 data 20 0x70002 0x204 0xb0005 0x1c9 0x16c9b9f0 0x3b 0x0 0x0 0x100007 0x204 0x30 0x0 0x190002 0x0 0x1f0007 0x204 0x30 0x0 0x280002 0x0 oops 1 4 com/android/dx/rop/code/Rop
ciMethodData com/android/dx/cf/code/BaseMachine getLocalTarget (Z)Lcom/android/dx/rop/code/RegisterSpec; 1 1079 orig 144 104 11 203 94 0 0 0 0 0 136 192 20 0 0 0 0 112 3 0 0 88 2 0 0 0 0 0 0 0 0 0 0 0 0 0 0 0 0 0 0 0 0 0 0 0 0 0 0 0 0 0 0 0 0 0 0 0 0 0 0 0 0 0 0 0 0 0 0 0 0 0 0 0 0 0 0 0 0 0 0 0 0 0 0 0 0 0 0 0 0 0 0 0 0 0 0 0 2 0 0 177 17 0 0 1 0 0 0 0 0 0 0 0 0 0 0 0 0 0 0 0 0 1 0 184 2 0 0 255 255 255 255 0 0 0 0 7 0 4 0 0 0 0 0 data 87 0x40007 0x8 0x20 0x22e 0xe0007 0x8 0x138 0x0 0x190002 0x0 0x1e0005 0x0 0x0 0x0 0x0 0x0 0x250007 0x0 0x38 0x0 0x2a0003 0x0 0x18 0x2f0005 0x0 0x0 0x0 0x0 0x0 0x340005 0x0 0x0 0x0 0x0 0x0 0x370005 0x0 0x0 0x0 0x0 0x0 0x3a0002 0x0 0x460005 0x0 0x1747b520 0x8 0x0 0x0 0x500005 0x8 0x0 0x0 0x0 0x0 0x580007 0x2 0x70 0x6 0x5c0007 0x2 0x50 0x4 0x640005 0x4 0x0 0x0 0x0 0x0 0x700002 0x2 0x730007 0x2 0x30 0x0 0x790002 0x0 0x830007 0x0 0x50 0x2 0x8c0005 0x2 0x0 0x0 0x0 0x0 oops 1 45 com/android/dx/rop/type/Type
ciMethodData com/android/dx/cf/code/ConcreteMethod makeSourcePosistion (I)Lcom/android/dx/rop/code/SourcePosition; 1 1072 orig 144 104 11 203 94 0 0 0 0 56 201 189 20 0 0 0 0 240 0 0 0 0 0 0 0 0 0 0 0 0 0 0 0 0 0 0 0 0 0 0 0 0 0 0 0 0 0 0 0 0 0 0 0 0 0 0 0 0 0 0 0 0 0 0 0 0 0 0 0 0 0 0 0 0 0 0 0 0 0 0 0 0 0 0 0 0 0 0 0 0 0 0 0 0 0 0 0 0 2 0 0 129 17 0 0 1 0 0 0 0 0 0 0 0 0 0 0 0 0 0 0 0 0 1 0 64 0 0 0 255 255 255 255 0 0 0 0 5 0 14 0 0 0 0 0 data 8 0xe0005 0x230 0x0 0x0 0x0 0x0 0x110002 0x230 oops 0
ciMethodData com/android/dx/rop/code/RegisterSpec getType ()Lcom/android/dx/rop/type/Type; 1 887 orig 144 104 11 203 94 0 0 0 0 96 243 193 20 0 0 0 0 216 0 0 0 0 0 0 0 0 0 0 0 0 0 0 0 0 0 0 0 0 0 0 0 0 0 0 0 0 0 0 0 0 0 0 0 0 0 0 0 0 0 0 0 0 0 0 0 0 0 0 0 0 0 0 0 0 0 0 0 0 0 0 0 0 0 0 0 0 0 0 0 0 0 0 0 0 0 0 0 0 2 0 0 185 11 0 0 1 0 0 0 0 0 0 0 0 0 0 0 0 0 0 0 0 0 1 0 48 0 0 0 255 255 255 255 0 0 0 0 5 0 4 0 0 0 0 0 data 6 0x40005 0x41 0x1747b520 0x121 0x17531f50 0x15 oops 2 2 com/android/dx/rop/type/Type 4 com/android/dx/rop/cst/CstKnownNull
ciMethodData com/android/dx/cf/code/ValueAwareMachine run (Lcom/android/dx/cf/code/Frame;II)V 1 1055 orig 144 104 11 203 94 0 0 0 0 232 96 192 20 0 0 0 0 120 24 0 0 88 23 0 0 0 0 0 0 0 0 0 0 0 0 0 0 0 0 0 0 0 0 0 0 0 0 0 0 0 0 0 0 0 0 0 0 0 0 0 0 0 0 0 0 0 0 0 0 0 0 0 0 0 0 0 0 0 0 0 0 0 0 0 0 0 0 0 0 0 0 0 0 0 0 0 0 0 2 0 0 249 16 0 0 113 2 0 0 0 0 0 0 0 0 0 0 0 0 0 0 0 0 1 0 152 23 0 0 255 255 255 255 0 0 0 0 8 0 1 0 0 0 0 0 data 755 0x10008 0x192 0x0 0x16a8 0x0 0xca0 0x0 0x16a8 0x0 0x16a8 0x0 0x16a8 0x0 0x16a8 0x0 0x16a8 0x0 0x16a8 0x0 0x16a8 0x0 0x16a8 0x0 0x16a8 0x0 0x16a8 0x0 0x16a8 0x0 0x16a8 0x0 0x16a8 0x0 0x16a8 0x0 0x16a8 0x0 0x16a8 0x0 0x16a8 0x43 0xce8 0x0 0x16a8 0x0 0xce8 0x86 0xd90 0x0 0x16a8 0x0 0x16a8 0x0 0x16a8 0x0 0x16a8 0x0 0x16a8 0x0 0x16a8 0x0 0x16a8 0x0 0x16a8 0x0 0x16a8 0x0 0x16a8 0x0 0x16a8 0x0 0x16a8 0x0 0x16a8 0x0 0x16a8 0x0 0x16a8 0x0 0x16a8 0x0 0x16a8 0x0 0x16a8 0x0 0x16a8 0x0 0x16a8 0x0 0x16a8 0x0 0x16a8 0x0 0x16a8 0x0 0x16a8 0x5 0xe08 0x0 0x16a8 0x0 0x16a8 0x0 0x16a8 0x0 0x16a8 0x0 0x16a8 0x0 0x16a8 0x0 0x16a8 0x4 0xd90 0x0 0x16a8 0x0 0x16a8 0x0 0x16a8 0x0 0x16a8 0x0 0x16a8 0x0 0x16a8 0x0 0x16a8 0x0 0x16a8 0x0 0x16a8 0x0 0x16a8 0x0 0x16a8 0x0 0x16a8 0x0 0x16a8 0x0 0x16a8 0x0 0x16a8 0x0 0x16a8 0x0 0x16a8 0x0 0x16a8 0x0 0x16a8 0x0 0x16a8 0x0 0x16a8 0x0 0x16a8 0x0 0x16a8 0x0 0x16a8 0xd 0xca0 0x0 0x16a8 0x0 0x16a8 0x0 0x16a8 0x0 0x16a8 0x0 0x16a8 0x0 0x16a8 0x0 0x16a8 0x3 0xca0 0x0 0xca0 0x18 0xe80 0x6 0xe80 0x0 0xe80 0x0 0xe80 0x0 0xe80 0x0 0xe80 0x6 0xe80 0x1 0xe08 0x0 0x16a8 0x0 0x16a8 0x0 0x16a8 0x0 0xe08 0x0 0x16a8 0x0 0x16a8 0x0 0x16a8 0x0 0xe08 0x0 0x16a8 0x0 0x16a8 0x0 0x16a8 0x0 0xe08 0x0 0x16a8 0x0 0x16a8 0x0 0x16a8 0x0 0xe08 0x0 0x16a8 0x0 0x16a8 0x0 0x16a8 0x0 0xe08 0x0 0x16a8 0x0 0x16a8 0x0 0x16a8 0x0 0xe08 0x0 0x16a8 0x0 0xe08 0x0 0x16a8 0x0 0xe08 0x0 0x16a8 0x0 0xe08 0x0 0x16a8 0x0 0xe08 0x0 0x16a8 0x0 0xe08 0x0 0x16a8 0x0 0xe08 0x0 0xe08 0x0 0xe08 0x0 0xe08 0x0 0xe08 0x0 0xe08 0x0 0xe08 0x0 0xe08 0x0 0xe08 0x0 0xe08 0x0 0xe08 0x0 0xe08 0x0 0xe08 0x0 0xe08 0x0 0xe08 0x0 0xe08 0x0 0xe08 0x0 0xe08 0x0 0xe08 0x0 0xe08 0x0 0xe08 0x0 0xca0 0x0 0xca0 0x0 0xca0 0x0 0xca0 0x0 0xca0 0x0 0xca0 0x0 0xca0 0x0 0xca0 0x0 0xca0 0x0 0xca0 0x0 0xca0 0x0 0xca0 0x0 0xca0 0x0 0xca0 0x0 0xca0 0x0 0xf90 0x0 0xca0 0x0 0x16a8 0x2 0xca0 0x13 0xca0 0x0 0x16a8 0x0 0x16a8 0x0 0x16a8 0x0 0x16a8 0x6 0xca0 0x5 0x1018 0x1 0xca0 0x24 0x1018 0x1a 0xca0 0x53 0x1018 0x24 0x1158 0xc 0x1018 0x2 0x1018 0x0 0x16a8 0x11 0x1378 0x0 0x1480 0x5 0x1558 0x0 0xe08 0x3 0xca0 0x19 0x1480 0x0 0x1660 0x0 0xca0 0x0 0xca0 0x0 0x16a8 0x0 0x1480 0x3 0xca0 0x0 0xca0 0x3310005 0x4c 0x0 0x0 0x0 0x0 0x3340003 0x4c 0xa98 0x3390005 0x43 0x0 0x0 0x0 0x0 0x33c0004 0x0 0x17531f50 0x6 0x1747b680 0x30 0x33f0005 0x43 0x0 0x0 0x0 0x0 0x3420003 0x43 0x9f0 0x3480005 0x89 0x0 0x0 0x0 0x0 0x34b0005 0x89 0x0 0x0 0x0 0x0 0x34e0003 0x8a 0x978 0x3530005 0x6 0x0 0x0 0x0 0x0 0x3560005 0x6 0x0 0x0 0x0 0x0 0x3590003 0x6 0x900 0x35d0005 0x24 0x0 0x0 0x0 0x0 0x3610005 0x24 0x0 0x0 0x0 0x0 0x3680007 0x24 0x98 0x4e 0x3780005 0x4e 0x0 0x0 0x0 0x0 0x37b0005 0x4e 0x0 0x0 0x0 0x0 0x3840003 0x4e 0xffffffffffffff80 0x3870003 0x24 0x7f0 0x3900005 0x0 0x0 0x0 0x0 0x0 0x3930002 0x0 0x3960005 0x0 0x0 0x0 0x0 0x0 0x3990003 0x0 0x768 0x39d0005 0x8a 0x0 0x0 0x0 0x0 0x3a00004 0x0 0x17532000 0x29 0x1747b5d0 0x61 0x3a30005 0x0 0x17532000 0x29 0x1747b5d0 0x61 0x3af0007 0x74 0x68 0x16 0x3b30005 0x16 0x0 0x0 0x0 0x0 0x3b60003 0x16 0x670 0x3bc0005 0x74 0x0 0x0 0x0 0x0 0x3bf0003 0x74 0x628 0x3c40005 0x24 0x0 0x0 0x0 0x0 0x3c70005 0x0 0x1747b520 0x24 0x0 0x0 0x3d00005 0x24 0x0 0x0 0x0 0x0 0x3d30007 0x12 0x50 0x12 0x3d90005 0x12 0x0 0x0 0x0 0x0 0x3dd0005 0x24 0x0 0x0 0x0 0x0 0x3e00004 0x0 0x1747b5d0 0x24 0x0 0x0 0x3e30005 0x0 0x1747b5d0 0x24 0x0 0x0 0x3ef0007 0xe 0x68 0x16 0x3f30005 0x16 0x0 0x0 0x0 0x0 0x3f60003 0x16 0x450 0x3fc0005 0xe 0x0 0x0 0x0 0x0 0x3ff0003 0xe 0x408 0x4030005 0x11 0x0 0x0 0x0 0x0 0x4060004 0x0 0x175320b0 0x11 0x0 0x0 0x4090005 0x11 0x0 0x0 0x0 0x0 0x4120005 0x11 0x0 0x0 0x0 0x0 0x4150005 0x11 0x0 0x0 0x0 0x0 0x4180003 0x11 0x300 0x41c0005 0x19 0x0 0x0 0x0 0x0 0x41f0004 0x0 0x175320b0 0x19 0x0 0x0 0x4220005 0x19 0x0 0x0 0x0 0x0 0x42a0005 0x19 0x0 0x0 0x0 0x0 0x42d0003 0x19 0x228 0x4310005 0x5 0x0 0x0 0x0 0x0 0x4340004 0x0 0x175320b0 0x5 0x0 0x0 0x4370005 0x5 0x0 0x0 0x0 0x0 0x43f0005 0x5 0x0 0x0 0x0 0x0 0x4420005 0x5 0x0 0x0 0x0 0x0 0x4450003 0x5 0x120 0x44c0005 0x0 0x0 0x0 0x0 0x0 0x44f0003 0x0 0xd8 0x45a0002 0x0 0x45f0005 0x0 0x0 0x0 0x0 0x0 0x4630002 0x0 0x4660005 0x0 0x0 0x0 0x0 0x0 0x4690005 0x0 0x0 0x0 0x0 0x0 0x46c0002 0x0 0x4720005 0x220 0x0 0x0 0x0 0x0 oops 12 421 com/android/dx/rop/cst/CstKnownNull 423 com/android/dx/rop/cst/CstInteger 523 com/android/dx/rop/cst/CstFieldRef 525 com/android/dx/rop/cst/CstMethodRef 529 com/android/dx/rop/cst/CstFieldRef 531 com/android/dx/rop/cst/CstMethodRef 563 com/android/dx/rop/type/Type 591 com/android/dx/rop/cst/CstMethodRef 597 com/android/dx/rop/cst/CstMethodRef 631 com/android/dx/rop/cst/CstType 664 com/android/dx/rop/cst/CstType 691 com/android/dx/rop/cst/CstType
ciMethodData com/android/dx/cf/code/RopperMachine run (Lcom/android/dx/cf/code/Frame;II)V 1 1056 orig 144 104 11 203 94 0 0 0 0 184 72 192 20 0 0 0 0 240 25 0 0 8 24 0 0 0 0 0 0 0 0 0 0 0 0 0 0 0 0 0 0 0 0 0 0 0 0 0 0 0 0 0 0 0 0 0 0 0 0 0 0 0 0 0 0 0 0 0 0 0 0 0 0 0 0 0 0 0 0 0 0 0 0 0 0 0 0 0 0 0 0 0 0 0 0 0 0 0 2 0 0 1 17 0 0 241 3 0 0 0 0 0 0 0 0 0 0 0 0 0 0 0 0 1 0 216 24 0 0 255 255 255 255 0 0 0 0 5 0 5 0 0 0 0 0 data 795 0x50005 0x220 0x0 0x0 0x0 0x0 0x80005 0x220 0x0 0x0 0x0 0x0 0x120002 0x220 0x190005 0x21f 0x0 0x0 0x0 0x0 0x220002 0x21f 0x2a0005 0x21f 0x0 0x0 0x0 0x0 0x330007 0x21b 0x38 0x4 0x370003 0x4 0x18 0x3b0005 0x21f 0x0 0x0 0x0 0x0 0x410005 0x21e 0x0 0x0 0x0 0x0 0x480007 0x1a6 0x78 0x78 0x4f0008 0x6 0x75 0x40 0x3 0x40 0x0 0x40 0x690003 0x75 0x3e8 0x6e0007 0x1a2 0x38 0x4 0x750003 0x4 0x3b0 0x7b0007 0x24 0x78 0x17e 0x820005 0x17e 0x0 0x0 0x0 0x0 0x850002 0x17f 0x8a0003 0x17f 0x338 0x910005 0x24 0x0 0x0 0x0 0x0 0xa40007 0x24 0x178 0x30 0xab0005 0x30 0x0 0x0 0x0 0x0 0xb20005 0x30 0x0 0x0 0x0 0x0 0xbb0005 0x30 0x0 0x0 0x0 0x0 0xca0002 0x30 0xd30002 0x30 0xd60005 0x0 0x1747b3c0 0x30 0x0 0x0 0xe00004 0x0 0x1747b470 0x30 0x0 0x0 0xe50005 0x30 0x0 0x0 0x0 0x0 0xee0003 0x30 0xfffffffffffffea0 0xf20005 0x24 0x0 0x0 0x0 0x0 0xf90007 0x24 0x148 0x4e 0x10e0005 0x4e 0x0 0x0 0x0 0x0 0x11d0002 0x4e 0x1260005 0x4e 0x0 0x0 0x0 0x0 0x12b0002 0x4e 0x12e0005 0x0 0x1747b3c0 0x4e 0x0 0x0 0x1360005 0x0 0x1747b520 0x4e 0x0 0x0 0x13b0005 0x4e 0x0 0x0 0x0 0x0 0x1470003 0x4e 0xfffffffffffffed0 0x14d0007 0x75 0x38 0x183 0x1520003 0x183 0x18 0x15b0005 0x1f8 0x0 0x0 0x0 0x0 0x1640007 0x1f8 0x508 0x0 0x1740005 0x0 0x0 0x0 0x0 0x0 0x17a0002 0x0 0x1840002 0x0 0x19a0002 0x0 0x1a50005 0x0 0x0 0x0 0x0 0x0 0x1ac0002 0x0 0x1be0002 0x0 0x1c90005 0x0 0x0 0x0 0x0 0x0 0x1cf0004 0x0 0x0 0x0 0x0 0x0 0x1d20005 0x0 0x0 0x0 0x0 0x0 0x1de0007 0x0 0x68 0x0 0x1e30005 0x0 0x0 0x0 0x0 0x0 0x1eb0003 0x0 0xffffffffffffffb0 0x1f00005 0x0 0x0 0x0 0x0 0x0 0x1f60002 0x0 0x1fd0005 0x0 0x0 0x0 0x0 0x0 0x2000007 0x0 0x58 0x0 0x2050002 0x0 0x21c0002 0x0 0x2210003 0x0 0x38 0x23a0002 0x0 0x23d0002 0x0 0x2480005 0x0 0x0 0x0 0x0 0x0 0x24e0005 0x0 0x0 0x0 0x0 0x0 0x2510002 0x0 0x2630002 0x0 0x26e0005 0x0 0x0 0x0 0x0 0x0 0x2740005 0x0 0x0 0x0 0x0 0x0 0x27a0002 0x0 0x2860005 0x0 0x0 0x0 0x0 0x0 0x2890002 0x0 0x2920002 0x0 0x29c0002 0x0 0x2a70005 0x0 0x0 0x0 0x0 0x0 0x2ae0005 0x0 0x0 0x0 0x0 0x0 0x2b10005 0x0 0x0 0x0 0x0 0x0 0x2b40002 0x0 0x2c60002 0x0 0x2d10005 0x0 0x0 0x0 0x0 0x0 0x2db0002 0x0 0x2e00003 0x0 0xe0 0x2e70007 0x1f8 0x20 0x0 0x2f40007 0x1f8 0xa8 0x0 0x2fa0005 0x0 0x0 0x0 0x0 0x0 0x2fd0004 0x0 0x0 0x0 0x0 0x0 0x3030003 0x0 0x28 0x3100002 0x0 0x3190002 0x1f8 0x3260002 0x1f8 0x3300007 0x75 0x138 0x182 0x3350005 0x182 0x0 0x0 0x0 0x0 0x3380007 0x12a 0xe8 0x59 0x34b0004 0x0 0x1747b5d0 0x59 0x0 0x0 0x34e0005 0x59 0x0 0x0 0x0 0x0 0x3510005 0x59 0x0 0x0 0x0 0x0 0x3540002 0x59 0x35e0002 0x58 0x3660003 0x58 0xd8 0x36b0007 0x75 0xc0 0x12a 0x3700005 0x12a 0x0 0x0 0x0 0x0 0x3730007 0xc0 0x70 0x6a 0x3860005 0x6a 0x0 0x0 0x0 0x0 0x3890002 0x6a 0x3930002 0x6a 0x39f0007 0x1f3 0x78 0x5 0x3a40005 0x5 0x0 0x0 0x0 0x0 0x3a70002 0x5 0x3ac0003 0x5 0x460 0x3b10007 0x135 0x448 0xbe 0x3b70007 0xb8 0x428 0x6 0x3bd0005 0x6 0x0 0x0 0x0 0x0 0x3c00005 0x6 0x0 0x0 0x0 0x0 0x3c80005 0x6 0x0 0x0 0x0 0x0 0x3cb0005 0x6 0x0 0x0 0x0 0x0 0x3d20005 0x0 0x1747b680 0x6 0x0 0x0 0x3d70007 0x6 0x70 0x0 0x3dc0005 0x0 0x0 0x0 0x0 0x0 0x3e10007 0x0 0x2c8 0x0 0x3ed0005 0x6 0x0 0x0 0x0 0x0 0x3f30005 0x6 0x0 0x0 0x0 0x0 0x3f60005 0x0 0x1747b730 0x6 0x0 0x0 0x3fb0007 0x5 0x218 0x1 0x4000005 0x0 0x1747b680 0x1 0x0 0x0 0x4050007 0x0 0x158 0x1 0x40a0004 0x0 0x1747b680 0x1 0x0 0x0 0x4110005 0x1 0x0 0x0 0x0 0x0 0x4180005 0x1 0x0 0x0 0x0 0x0 0x41d0007 0x1 0x108 0x0 0x4260004 0x0 0x0 0x0 0x0 0x0 0x42d0005 0x0 0x0 0x0 0x0 0x0 0x4310002 0x0 0x4360003 0x0 0x78 0x43b0004 0x0 0x0 0x0 0x0 0x0 0x4420005 0x0 0x0 0x0 0x0 0x0 0x44f0002 0x1 0x4550005 0x1f7 0x0 0x0 0x0 0x0 0x45b0005 0x1f7 0x0 0x0 0x0 0x0 0x4620005 0x1f7 0x0 0x0 0x0 0x0 0x4740007 0x1f6 0x120 0x2 0x4790005 0x2 0x0 0x0 0x0 0x0 0x47c0007 0x2 0x48 0x0 0x48c0002 0x0 0x4960003 0x0 0x3d8 0x49b0005 0x2 0x0 0x0 0x0 0x0 0x4ae0002 0x2 0x4b60005 0x2 0x0 0x0 0x0 0x0 0x4bc0003 0x2 0x350 0x4c30007 0x1dd 0x1b8 0x19 0x4c80005 0x19 0x0 0x0 0x0 0x0 0x4cb0007 0x6 0x130 0x13 0x4d10005 0x13 0x0 0x0 0x0 0x0 0x4d80005 0x13 0x0 0x0 0x0 0x0 0x4df0005 0x13 0x0 0x0 0x0 0x0 0x4e20007 0x0 0x80 0x13 0x4ef0002 0x13 0x4f70002 0x13 0x4fc0002 0x13 0x4ff0005 0x0 0x1747b3c0 0x13 0x0 0x0 0x5100002 0x19 0x51f0002 0x19 0x5270003 0x19 0x198 0x52c0007 0xa2 0xc0 0x13a 0x5310007 0x36 0x78 0x105 0x5440002 0x104 0x5530005 0x0 0x1747b7e0 0x104 0x0 0x0 0x55b0003 0x105 0x100 0x56c0002 0x36 0x5710003 0x36 0xd8 0x5760007 0x8d 0xb0 0x15 0x5870002 0x15 0x5950007 0x12 0x38 0x3 0x59d0003 0x3 0x70 0x5a50005 0x0 0x1747b7e0 0x12 0x0 0x0 0x5ad0003 0x12 0x28 0x5bc0002 0x8d 0x5c70005 0x0 0x1747b3c0 0x1f8 0x0 0x0 0x5cd0007 0x135 0x50 0xc2 0x5d60005 0x0 0x1747b3c0 0xc3 0x0 0x0 0x5dc0007 0x1f8 0xa0 0x0 0x5f40005 0x0 0x0 0x0 0x0 0x0 0x5f70002 0x0 0x5fe0002 0x0 0x6090005 0x0 0x0 0x0 0x0 0x0 oops 14 118 java/util/ArrayList 124 com/android/dx/rop/code/RegisterSpec 165 java/util/ArrayList 171 com/android/dx/rop/type/Type 403 com/android/dx/rop/cst/CstMethodRef 499 com/android/dx/rop/cst/CstInteger 531 com/android/dx/rop/code/DexTranslationAdvice 541 com/android/dx/rop/cst/CstInteger 551 com/android/dx/rop/cst/CstInteger